Start testing: Aug 05 19:38 PDT
----------------------------------------------------------
1/313 Testing: TestDetermiterOLS.Trivial
1/313 Test: TestDetermiterOLS.Trivial
Command: "/home/mymel/RandNLA/worktrees/retire-legacy-accelerate/build/bin/RandLAPACK_tests" "--gtest_filter=TestDetermiterOLS.Trivial" "--gtest_also_run_disabled_tests"
Directory: /home/mymel/RandNLA/worktrees/retire-legacy-accelerate/build/test
"TestDetermiterOLS.Trivial" start time: Aug 05 19:38 PDT
Output:
----------------------------------------------------------
Running main() from /home/mymel/spack-stage/spack-stage-googletest-1.17.0-cifglnehmwsjitvoddp3eldbaaui4w3i/spack-src/googletest/src/gtest_main.cc
Note: Google Test filter = TestDetermiterOLS.Trivial
[==========] Running 1 test from 1 test suite.
[----------] Global test environment set-up.
[----------] 1 test from TestDetermiterOLS
[ RUN      ] TestDetermiterOLS.Trivial
2182.12
166.054
5.77547
0.279248
0.00703556
0.000385505
1.05501e-05
3.83648e-07
4.76288e-09
7.54876e-12
2.09403e-13
1634.55
70.8814
2.06824
0.0824373
0.00138978
5.89574e-05
2.12166e-06
8.10152e-08
1.62618e-09
4.74451e-11
8.61254e-14
1795.03
83.2733
7.01786
0.158789
0.00513412
0.000108802
3.49665e-06
2.03464e-08
1.47089e-10
3.15937e-12
2.71225e-15
[       OK ] TestDetermiterOLS.Trivial (52 ms)
[----------] 1 test from TestDetermiterOLS (53 ms total)

[----------] Global test environment tear-down
[==========] 1 test from 1 test suite ran. (53 ms total)
[  PASSED  ] 1 test.
<end of output>
Test time =   0.15 sec
----------------------------------------------------------
Test Passed.
"TestDetermiterOLS.Trivial" end time: Aug 05 19:38 PDT
"TestDetermiterOLS.Trivial" time elapsed: 00:00:00
----------------------------------------------------------

2/313 Testing: TestDetermiterLockBlockPCG.test_run_simple_block_5_1
2/313 Test: TestDetermiterLockBlockPCG.test_run_simple_block_5_1
Command: "/home/mymel/RandNLA/worktrees/retire-legacy-accelerate/build/bin/RandLAPACK_tests" "--gtest_filter=TestDetermiterLockBlockPCG.test_run_simple_block_5_1" "--gtest_also_run_disabled_tests"
Directory: /home/mymel/RandNLA/worktrees/retire-legacy-accelerate/build/test
"TestDetermiterLockBlockPCG.test_run_simple_block_5_1" start time: Aug 05 19:38 PDT
Output:
----------------------------------------------------------
Running main() from /home/mymel/spack-stage/spack-stage-googletest-1.17.0-cifglnehmwsjitvoddp3eldbaaui4w3i/spack-src/googletest/src/gtest_main.cc
Note: Google Test filter = TestDetermiterLockBlockPCG.test_run_simple_block_5_1
[==========] Running 1 test from 1 test suite.
[----------] Global test environment set-up.
[----------] 1 test from TestDetermiterLockBlockPCG
[ RUN      ] TestDetermiterLockBlockPCG.test_run_simple_block_5_1
normNR : 35.0096	normR : 35.0096	k: 0	dim : 0
normNR : 6.95704	normR : 6.95704	k: 1	dim : 1
normNR : 4.40807	normR : 4.40807	k: 2	dim : 2
normNR : 1.16034	normR : 1.16034	k: 3	dim : 3
normNR : 0.231053	normR : 0.231053	k: 4	dim : 4
normNR : 2.41346e-14	normR : 2.41346e-14	k: 5	dim : 5
[       OK ] TestDetermiterLockBlockPCG.test_run_simple_block_5_1 (32 ms)
[----------] 1 test from TestDetermiterLockBlockPCG (32 ms total)

[----------] Global test environment tear-down
[==========] 1 test from 1 test suite ran. (32 ms total)
[  PASSED  ] 1 test.
<end of output>
Test time =   0.11 sec
----------------------------------------------------------
Test Passed.
"TestDetermiterLockBlockPCG.test_run_simple_block_5_1" end time: Aug 05 19:38 PDT
"TestDetermiterLockBlockPCG.test_run_simple_block_5_1" time elapsed: 00:00:00
----------------------------------------------------------

3/313 Testing: TestDetermiterLockBlockPCG.test_run_simple_block_6_2
3/313 Test: TestDetermiterLockBlockPCG.test_run_simple_block_6_2
Command: "/home/mymel/RandNLA/worktrees/retire-legacy-accelerate/build/bin/RandLAPACK_tests" "--gtest_filter=TestDetermiterLockBlockPCG.test_run_simple_block_6_2" "--gtest_also_run_disabled_tests"
Directory: /home/mymel/RandNLA/worktrees/retire-legacy-accelerate/build/test
"TestDetermiterLockBlockPCG.test_run_simple_block_6_2" start time: Aug 05 19:38 PDT
Output:
----------------------------------------------------------
Running main() from /home/mymel/spack-stage/spack-stage-googletest-1.17.0-cifglnehmwsjitvoddp3eldbaaui4w3i/spack-src/googletest/src/gtest_main.cc
Note: Google Test filter = TestDetermiterLockBlockPCG.test_run_simple_block_6_2
[==========] Running 1 test from 1 test suite.
[----------] Global test environment set-up.
[----------] 1 test from TestDetermiterLockBlockPCG
[ RUN      ] TestDetermiterLockBlockPCG.test_run_simple_block_6_2
normNR : 36.9813	normR : 36.9813	k: 0	dim : 0
normNR : 7.67919	normR : 7.67919	k: 1	dim : 2
normNR : 2.0009	normR : 2.0009	k: 2	dim : 4
normNR : 2.11049e-13	normR : 2.11049e-13	k: 3	dim : 6
[       OK ] TestDetermiterLockBlockPCG.test_run_simple_block_6_2 (23 ms)
[----------] 1 test from TestDetermiterLockBlockPCG (24 ms total)

[----------] Global test environment tear-down
[==========] 1 test from 1 test suite ran. (24 ms total)
[  PASSED  ] 1 test.
<end of output>
Test time =   0.11 sec
----------------------------------------------------------
Test Passed.
"TestDetermiterLockBlockPCG.test_run_simple_block_6_2" end time: Aug 05 19:38 PDT
"TestDetermiterLockBlockPCG.test_run_simple_block_6_2" time elapsed: 00:00:00
----------------------------------------------------------

4/313 Testing: TestDetermiterLockBlockPCG.test_run_simple_block_5_4
4/313 Test: TestDetermiterLockBlockPCG.test_run_simple_block_5_4
Command: "/home/mymel/RandNLA/worktrees/retire-legacy-accelerate/build/bin/RandLAPACK_tests" "--gtest_filter=TestDetermiterLockBlockPCG.test_run_simple_block_5_4" "--gtest_also_run_disabled_tests"
Directory: /home/mymel/RandNLA/worktrees/retire-legacy-accelerate/build/test
"TestDetermiterLockBlockPCG.test_run_simple_block_5_4" start time: Aug 05 19:38 PDT
Output:
----------------------------------------------------------
Running main() from /home/mymel/spack-stage/spack-stage-googletest-1.17.0-cifglnehmwsjitvoddp3eldbaaui4w3i/spack-src/googletest/src/gtest_main.cc
Note: Google Test filter = TestDetermiterLockBlockPCG.test_run_simple_block_5_4
[==========] Running 1 test from 1 test suite.
[----------] Global test environment set-up.
[----------] 1 test from TestDetermiterLockBlockPCG
[ RUN      ] TestDetermiterLockBlockPCG.test_run_simple_block_5_4
normNR : 57.4296	normR : 57.4296	k: 0	dim : 0
normNR : 2.32531	normR : 2.32531	k: 1	dim : 4
normNR : 2.22601e-13	normR : 2.22601e-13	k: 2	dim : 5
[       OK ] TestDetermiterLockBlockPCG.test_run_simple_block_5_4 (31 ms)
[----------] 1 test from TestDetermiterLockBlockPCG (31 ms total)

[----------] Global test environment tear-down
[==========] 1 test from 1 test suite ran. (31 ms total)
[  PASSED  ] 1 test.
<end of output>
Test time =   0.11 sec
----------------------------------------------------------
Test Passed.
"TestDetermiterLockBlockPCG.test_run_simple_block_5_4" end time: Aug 05 19:38 PDT
"TestDetermiterLockBlockPCG.test_run_simple_block_5_4" time elapsed: 00:00:00
----------------------------------------------------------

5/313 Testing: TestDetermiterLockBlockPCG.test_run_simple_lockstep_5_1
5/313 Test: TestDetermiterLockBlockPCG.test_run_simple_lockstep_5_1
Command: "/home/mymel/RandNLA/worktrees/retire-legacy-accelerate/build/bin/RandLAPACK_tests" "--gtest_filter=TestDetermiterLockBlockPCG.test_run_simple_lockstep_5_1" "--gtest_also_run_disabled_tests"
Directory: /home/mymel/RandNLA/worktrees/retire-legacy-accelerate/build/test
"TestDetermiterLockBlockPCG.test_run_simple_lockstep_5_1" start time: Aug 05 19:38 PDT
Output:
----------------------------------------------------------
Running main() from /home/mymel/spack-stage/spack-stage-googletest-1.17.0-cifglnehmwsjitvoddp3eldbaaui4w3i/spack-src/googletest/src/gtest_main.cc
Note: Google Test filter = TestDetermiterLockBlockPCG.test_run_simple_lockstep_5_1
[==========] Running 1 test from 1 test suite.
[----------] Global test environment set-up.
[----------] 1 test from TestDetermiterLockBlockPCG
[ RUN      ] TestDetermiterLockBlockPCG.test_run_simple_lockstep_5_1
normNR : 35.0096	normR : 35.0096	k: 0	dim : 0
normNR : 6.95704	normR : 6.95704	k: 1	dim : 1
normNR : 4.40807	normR : 4.40807	k: 2	dim : 2
normNR : 1.16034	normR : 1.16034	k: 3	dim : 3
normNR : 0.231053	normR : 0.231053	k: 4	dim : 4
normNR : 2.41346e-14	normR : 2.41346e-14	k: 5	dim : 5
normNR : 9.78151	normR : 9.78151	k: 0	dim : 0
normNR : 3.11115	normR : 3.11115	k: 1	dim : 1
normNR : 1.02787	normR : 1.02787	k: 2	dim : 2
normNR : 0.323113	normR : 0.323113	k: 3	dim : 3
normNR : 0.145729	normR : 0.145729	k: 4	dim : 4
normNR : 5.91179e-13	normR : 5.91179e-13	k: 5	dim : 5
[       OK ] TestDetermiterLockBlockPCG.test_run_simple_lockstep_5_1 (35 ms)
[----------] 1 test from TestDetermiterLockBlockPCG (35 ms total)

[----------] Global test environment tear-down
[==========] 1 test from 1 test suite ran. (35 ms total)
[  PASSED  ] 1 test.
<end of output>
Test time =   0.12 sec
----------------------------------------------------------
Test Passed.
"TestDetermiterLockBlockPCG.test_run_simple_lockstep_5_1" end time: Aug 05 19:38 PDT
"TestDetermiterLockBlockPCG.test_run_simple_lockstep_5_1" time elapsed: 00:00:00
----------------------------------------------------------

6/313 Testing: TestDetermiterLockBlockPCG.test_run_simple_lockstep_6_2
6/313 Test: TestDetermiterLockBlockPCG.test_run_simple_lockstep_6_2
Command: "/home/mymel/RandNLA/worktrees/retire-legacy-accelerate/build/bin/RandLAPACK_tests" "--gtest_filter=TestDetermiterLockBlockPCG.test_run_simple_lockstep_6_2" "--gtest_also_run_disabled_tests"
Directory: /home/mymel/RandNLA/worktrees/retire-legacy-accelerate/build/test
"TestDetermiterLockBlockPCG.test_run_simple_lockstep_6_2" start time: Aug 05 19:38 PDT
Output:
----------------------------------------------------------
Running main() from /home/mymel/spack-stage/spack-stage-googletest-1.17.0-cifglnehmwsjitvoddp3eldbaaui4w3i/spack-src/googletest/src/gtest_main.cc
Note: Google Test filter = TestDetermiterLockBlockPCG.test_run_simple_lockstep_6_2
[==========] Running 1 test from 1 test suite.
[----------] Global test environment set-up.
[----------] 1 test from TestDetermiterLockBlockPCG
[ RUN      ] TestDetermiterLockBlockPCG.test_run_simple_lockstep_6_2
normNR : 36.9813	normR : 36.9813	k: 0	dim : 0
normNR : 11.0551	normR : 11.0551	k: 1	dim : 1
normNR : 3.97864	normR : 3.97864	k: 2	dim : 2
normNR : 1.67954	normR : 1.67954	k: 3	dim : 3
normNR : 0.975592	normR : 0.975592	k: 4	dim : 4
normNR : 0.309644	normR : 0.309644	k: 5	dim : 5
normNR : 1.56735e-14	normR : 1.56735e-14	k: 6	dim : 6
normNR : 56.9101	normR : 56.9101	k: 0	dim : 0
normNR : 9.30564	normR : 9.30564	k: 1	dim : 1
normNR : 5.15906	normR : 5.15906	k: 2	dim : 2
normNR : 2.29119	normR : 2.29119	k: 3	dim : 3
normNR : 2.61814	normR : 2.61814	k: 4	dim : 4
normNR : 0.138324	normR : 0.138324	k: 5	dim : 5
normNR : 2.9088e-13	normR : 2.9088e-13	k: 6	dim : 6
[       OK ] TestDetermiterLockBlockPCG.test_run_simple_lockstep_6_2 (25 ms)
[----------] 1 test from TestDetermiterLockBlockPCG (25 ms total)

[----------] Global test environment tear-down
[==========] 1 test from 1 test suite ran. (25 ms total)
[  PASSED  ] 1 test.
<end of output>
Test time =   0.11 sec
----------------------------------------------------------
Test Passed.
"TestDetermiterLockBlockPCG.test_run_simple_lockstep_6_2" end time: Aug 05 19:38 PDT
"TestDetermiterLockBlockPCG.test_run_simple_lockstep_6_2" time elapsed: 00:00:00
----------------------------------------------------------

7/313 Testing: TestDetermiterLockBlockPCG.test_run_simple_lockstep_5_4
7/313 Test: TestDetermiterLockBlockPCG.test_run_simple_lockstep_5_4
Command: "/home/mymel/RandNLA/worktrees/retire-legacy-accelerate/build/bin/RandLAPACK_tests" "--gtest_filter=TestDetermiterLockBlockPCG.test_run_simple_lockstep_5_4" "--gtest_also_run_disabled_tests"
Directory: /home/mymel/RandNLA/worktrees/retire-legacy-accelerate/build/test
"TestDetermiterLockBlockPCG.test_run_simple_lockstep_5_4" start time: Aug 05 19:38 PDT
Output:
----------------------------------------------------------
Running main() from /home/mymel/spack-stage/spack-stage-googletest-1.17.0-cifglnehmwsjitvoddp3eldbaaui4w3i/spack-src/googletest/src/gtest_main.cc
Note: Google Test filter = TestDetermiterLockBlockPCG.test_run_simple_lockstep_5_4
[==========] Running 1 test from 1 test suite.
[----------] Global test environment set-up.
[----------] 1 test from TestDetermiterLockBlockPCG
[ RUN      ] TestDetermiterLockBlockPCG.test_run_simple_lockstep_5_4
normNR : 57.4296	normR : 57.4296	k: 0	dim : 0
normNR : 13.1812	normR : 13.1812	k: 1	dim : 1
normNR : 7.18162	normR : 7.18162	k: 2	dim : 2
normNR : 3.09229	normR : 3.09229	k: 3	dim : 3
normNR : 1.51124	normR : 1.51124	k: 4	dim : 4
normNR : 1.25128e-13	normR : 1.25128e-13	k: 5	dim : 5
normNR : 31.0156	normR : 31.0156	k: 0	dim : 0
normNR : 19.1701	normR : 19.1701	k: 1	dim : 1
normNR : 6.97809	normR : 6.97809	k: 2	dim : 2
normNR : 1.62737	normR : 1.62737	k: 3	dim : 3
normNR : 0.801489	normR : 0.801489	k: 4	dim : 4
normNR : 4.29301e-13	normR : 4.29301e-13	k: 5	dim : 5
[       OK ] TestDetermiterLockBlockPCG.test_run_simple_lockstep_5_4 (41 ms)
[----------] 1 test from TestDetermiterLockBlockPCG (41 ms total)

[----------] Global test environment tear-down
[==========] 1 test from 1 test suite ran. (41 ms total)
[  PASSED  ] 1 test.
<end of output>
Test time =   0.13 sec
----------------------------------------------------------
Test Passed.
"TestDetermiterLockBlockPCG.test_run_simple_lockstep_5_4" end time: Aug 05 19:38 PDT
"TestDetermiterLockBlockPCG.test_run_simple_lockstep_5_4" time elapsed: 00:00:00
----------------------------------------------------------

8/313 Testing: TestOrth.Test_PLUL_singular_input_is_not_an_error
8/313 Test: TestOrth.Test_PLUL_singular_input_is_not_an_error
Command: "/home/mymel/RandNLA/worktrees/retire-legacy-accelerate/build/bin/RandLAPACK_tests" "--gtest_filter=TestOrth.Test_PLUL_singular_input_is_not_an_error" "--gtest_also_run_disabled_tests"
Directory: /home/mymel/RandNLA/worktrees/retire-legacy-accelerate/build/test
"TestOrth.Test_PLUL_singular_input_is_not_an_error" start time: Aug 05 19:38 PDT
Output:
----------------------------------------------------------
Running main() from /home/mymel/spack-stage/spack-stage-googletest-1.17.0-cifglnehmwsjitvoddp3eldbaaui4w3i/spack-src/googletest/src/gtest_main.cc
Note: Google Test filter = TestOrth.Test_PLUL_singular_input_is_not_an_error
[==========] Running 1 test from 1 test suite.
[----------] Global test environment set-up.
[----------] 1 test from TestOrth
[ RUN      ] TestOrth.Test_PLUL_singular_input_is_not_an_error
[       OK ] TestOrth.Test_PLUL_singular_input_is_not_an_error (19 ms)
[----------] 1 test from TestOrth (19 ms total)

[----------] Global test environment tear-down
[==========] 1 test from 1 test suite ran. (19 ms total)
[  PASSED  ] 1 test.
<end of output>
Test time =   0.10 sec
----------------------------------------------------------
Test Passed.
"TestOrth.Test_PLUL_singular_input_is_not_an_error" end time: Aug 05 19:38 PDT
"TestOrth.Test_PLUL_singular_input_is_not_an_error" time elapsed: 00:00:00
----------------------------------------------------------

9/313 Testing: TestOrth.Test_CholQRQ
9/313 Test: TestOrth.Test_CholQRQ
Command: "/home/mymel/RandNLA/worktrees/retire-legacy-accelerate/build/bin/RandLAPACK_tests" "--gtest_filter=TestOrth.Test_CholQRQ" "--gtest_also_run_disabled_tests"
Directory: /home/mymel/RandNLA/worktrees/retire-legacy-accelerate/build/test
"TestOrth.Test_CholQRQ" start time: Aug 05 19:38 PDT
Output:
----------------------------------------------------------
Running main() from /home/mymel/spack-stage/spack-stage-googletest-1.17.0-cifglnehmwsjitvoddp3eldbaaui4w3i/spack-src/googletest/src/gtest_main.cc
Note: Google Test filter = TestOrth.Test_CholQRQ
[==========] Running 1 test from 1 test suite.
[----------] Global test environment set-up.
[----------] 1 test from TestOrth
[ RUN      ] TestOrth.Test_CholQRQ
FRO NORM OF Q' * Q - I: 4.96456e-15
[       OK ] TestOrth.Test_CholQRQ (93 ms)
[----------] 1 test from TestOrth (93 ms total)

[----------] Global test environment tear-down
[==========] 1 test from 1 test suite ran. (93 ms total)
[  PASSED  ] 1 test.
<end of output>
Test time =   0.18 sec
----------------------------------------------------------
Test Passed.
"TestOrth.Test_CholQRQ" end time: Aug 05 19:38 PDT
"TestOrth.Test_CholQRQ" time elapsed: 00:00:00
----------------------------------------------------------

10/313 Testing: TestQB.Polynomial_Decay_general1
10/313 Test: TestQB.Polynomial_Decay_general1
Command: "/home/mymel/RandNLA/worktrees/retire-legacy-accelerate/build/bin/RandLAPACK_tests" "--gtest_filter=TestQB.Polynomial_Decay_general1" "--gtest_also_run_disabled_tests"
Directory: /home/mymel/RandNLA/worktrees/retire-legacy-accelerate/build/test
"TestQB.Polynomial_Decay_general1" start time: Aug 05 19:38 PDT
Output:
----------------------------------------------------------
Running main() from /home/mymel/spack-stage/spack-stage-googletest-1.17.0-cifglnehmwsjitvoddp3eldbaaui4w3i/spack-src/googletest/src/gtest_main.cc
Note: Google Test filter = TestQB.Polynomial_Decay_general1
[==========] Running 1 test from 1 test suite.
[----------] Global test environment set-up.
[----------] 1 test from TestQB
[ RUN      ] TestQB.Polynomial_Decay_general1
singular values:
	1
	1
	1
	1
	1
	1
	0.25565
	0.114478
	0.0646366
	0.0414611
	0.0288359
	0.0212084
	0.0162508
	0.0128483
	0.0104123
	0.00860878
	0.00723625
	0.00616759
	0.0053193
	0.00463471
	0.00407424
	0.00360962
	0.00322017
	0.00289051
	0.00260899
	0.00236669
	0.00215664
	0.00197336
	0.00181249
	0.00167052
	0.00154459
	0.00143239
	0.00133198
	0.00124178
	0.00116043
	0.00108683
	0.00102001
	0.000959166
	0.000903611
	0.000852746
	0.000806058
	0.000763102
	0.000723491
	0.000686886
	0.00065299
	0.000621542
	0.000592313
	0.000565098
	0.000539717
	0.000516008
	4.72748e-16
	2.16089e-16
	2.12931e-16
	1.85655e-16
	1.36835e-16
	1.29408e-16
	9.98279e-17
	9.96974e-17
	9.96974e-17
	9.96974e-17
	9.96974e-17
	9.96974e-17
	9.96974e-17
	9.96974e-17
	9.96974e-17
	9.96974e-17
	9.96974e-17
	9.96974e-17
	9.96974e-17
	9.96974e-17
	9.96974e-17
	9.96974e-17
	9.96974e-17
	9.96974e-17
	9.96974e-17
	9.96974e-17
	9.96974e-17
	9.96974e-17
	9.96974e-17
	9.96974e-17
	9.96974e-17
	9.96974e-17
	9.96974e-17
	9.96974e-17
	9.96974e-17
	9.96974e-17
	9.96974e-17
	9.96974e-17
	9.96974e-17
	9.96974e-17
	9.96974e-17
	9.96974e-17
	9.96974e-17
	9.96974e-17
	9.96974e-17
	9.96974e-17
	9.96974e-17
	7.93752e-17
	5.2069e-17
	4.42823e-17
Inner dimension of QB: 50                       
FRO NORM OF A - QB:    1.338653e-15
FRO NORM OF Q'Q - I:   2.372206e-15
FRO NORM OF A_k - QB:  5.938488e-15
[       OK ] TestQB.Polynomial_Decay_general1 (216 ms)
[----------] 1 test from TestQB (216 ms total)

[----------] Global test environment tear-down
[==========] 1 test from 1 test suite ran. (216 ms total)
[  PASSED  ] 1 test.
<end of output>
Test time =   0.30 sec
----------------------------------------------------------
Test Passed.
"TestQB.Polynomial_Decay_general1" end time: Aug 05 19:38 PDT
"TestQB.Polynomial_Decay_general1" time elapsed: 00:00:00
----------------------------------------------------------

11/313 Testing: TestQB.Polynomial_Decay_general2
11/313 Test: TestQB.Polynomial_Decay_general2
Command: "/home/mymel/RandNLA/worktrees/retire-legacy-accelerate/build/bin/RandLAPACK_tests" "--gtest_filter=TestQB.Polynomial_Decay_general2" "--gtest_also_run_disabled_tests"
Directory: /home/mymel/RandNLA/worktrees/retire-legacy-accelerate/build/test
"TestQB.Polynomial_Decay_general2" start time: Aug 05 19:38 PDT
Output:
----------------------------------------------------------
Running main() from /home/mymel/spack-stage/spack-stage-googletest-1.17.0-cifglnehmwsjitvoddp3eldbaaui4w3i/spack-src/googletest/src/gtest_main.cc
Note: Google Test filter = TestQB.Polynomial_Decay_general2
[==========] Running 1 test from 1 test suite.
[----------] Global test environment set-up.
[----------] 1 test from TestQB
[ RUN      ] TestQB.Polynomial_Decay_general2
singular values:
	1
	1
	1
	1
	1
	1
	0.932972
	0.872465
	0.817658
	0.767858
	0.722473
	0.680995
	0.64299
	0.60808
	0.575938
	0.546278
	0.518852
	0.49344
	0.469851
	0.447913
	0.427477
	0.408409
	0.390588
	0.373909
	0.358276
	0.343603
	0.329813
	0.316837
	0.304612
	0.293081
	0.282193
	0.271901
	0.262161
	0.252936
	0.244189
	0.235888
	0.228003
	0.220507
	0.213375
	0.206583
	0.200111
	0.193938
	0.188046
	0.182418
	0.17704
	0.171896
	0.166973
	0.162258
	0.157741
	0.153409
	9.14608e-16
	4.04694e-16
	3.59078e-16
	3.46007e-16
	3.02178e-16
	2.87579e-16
	2.74724e-16
	2.67633e-16
	2.41322e-16
	2.20561e-16
	2.19662e-16
	2.00576e-16
	1.92554e-16
	1.91046e-16
	1.86134e-16
	1.70735e-16
	1.70534e-16
	1.69427e-16
	1.39621e-16
	1.2561e-16
	1.17172e-16
	1.04874e-16
	1.00435e-16
	9.99201e-17
	9.99201e-17
	9.99201e-17
	9.99201e-17
	9.99201e-17
	9.99201e-17
	9.99201e-17
	9.99201e-17
	9.99201e-17
	9.99201e-17
	9.99201e-17
	9.99201e-17
	9.99201e-17
	9.99201e-17
	9.99201e-17
	9.99201e-17
	9.99201e-17
	9.99201e-17
	9.99201e-17
	9.99201e-17
	9.99201e-17
	9.99201e-17
	7.33276e-17
	6.6389e-17
	4.30207e-17
	3.71404e-17
	2.54973e-17
Inner dimension of QB: 50                       
FRO NORM OF A - QB:    1.888799e-15
FRO NORM OF Q'Q - I:   2.390610e-15
FRO NORM OF A_k - QB:  1.099712e-14
[       OK ] TestQB.Polynomial_Decay_general2 (360 ms)
[----------] 1 test from TestQB (360 ms total)

[----------] Global test environment tear-down
[==========] 1 test from 1 test suite ran. (360 ms total)
[  PASSED  ] 1 test.
<end of output>
Test time =   0.45 sec
----------------------------------------------------------
Test Passed.
"TestQB.Polynomial_Decay_general2" end time: Aug 05 19:38 PDT
"TestQB.Polynomial_Decay_general2" time elapsed: 00:00:00
----------------------------------------------------------

12/313 Testing: TestQB.Polynomial_Decay_zero_tol1
12/313 Test: TestQB.Polynomial_Decay_zero_tol1
Command: "/home/mymel/RandNLA/worktrees/retire-legacy-accelerate/build/bin/RandLAPACK_tests" "--gtest_filter=TestQB.Polynomial_Decay_zero_tol1" "--gtest_also_run_disabled_tests"
Directory: /home/mymel/RandNLA/worktrees/retire-legacy-accelerate/build/test
"TestQB.Polynomial_Decay_zero_tol1" start time: Aug 05 19:38 PDT
Output:
----------------------------------------------------------
Running main() from /home/mymel/spack-stage/spack-stage-googletest-1.17.0-cifglnehmwsjitvoddp3eldbaaui4w3i/spack-src/googletest/src/gtest_main.cc
Note: Google Test filter = TestQB.Polynomial_Decay_zero_tol1
[==========] Running 1 test from 1 test suite.
[----------] Global test environment set-up.
[----------] 1 test from TestQB
[ RUN      ] TestQB.Polynomial_Decay_zero_tol1
Inner dimension of QB: 10
FRO NORM OF A - QB:    4.623317e-02
FRO NORM OF A:         2.467080e+00
[       OK ] TestQB.Polynomial_Decay_zero_tol1 (98 ms)
[----------] 1 test from TestQB (98 ms total)

[----------] Global test environment tear-down
[==========] 1 test from 1 test suite ran. (98 ms total)
[  PASSED  ] 1 test.
<end of output>
Test time =   0.18 sec
----------------------------------------------------------
Test Passed.
"TestQB.Polynomial_Decay_zero_tol1" end time: Aug 05 19:38 PDT
"TestQB.Polynomial_Decay_zero_tol1" time elapsed: 00:00:00
----------------------------------------------------------

13/313 Testing: TestQB.Polynomial_Decay_zero_tol2
13/313 Test: TestQB.Polynomial_Decay_zero_tol2
Command: "/home/mymel/RandNLA/worktrees/retire-legacy-accelerate/build/bin/RandLAPACK_tests" "--gtest_filter=TestQB.Polynomial_Decay_zero_tol2" "--gtest_also_run_disabled_tests"
Directory: /home/mymel/RandNLA/worktrees/retire-legacy-accelerate/build/test
"TestQB.Polynomial_Decay_zero_tol2" start time: Aug 05 19:38 PDT
Output:
----------------------------------------------------------
Running main() from /home/mymel/spack-stage/spack-stage-googletest-1.17.0-cifglnehmwsjitvoddp3eldbaaui4w3i/spack-src/googletest/src/gtest_main.cc
Note: Google Test filter = TestQB.Polynomial_Decay_zero_tol2
[==========] Running 1 test from 1 test suite.
[----------] Global test environment set-up.
[----------] 1 test from TestQB
[ RUN      ] TestQB.Polynomial_Decay_zero_tol2
Inner dimension of QB: 60
FRO NORM OF A - QB:    3.339797e-14
[       OK ] TestQB.Polynomial_Decay_zero_tol2 (479 ms)
[----------] 1 test from TestQB (479 ms total)

[----------] Global test environment tear-down
[==========] 1 test from 1 test suite ran. (479 ms total)
[  PASSED  ] 1 test.
<end of output>
Test time =   0.56 sec
----------------------------------------------------------
Test Passed.
"TestQB.Polynomial_Decay_zero_tol2" end time: Aug 05 19:38 PDT
"TestQB.Polynomial_Decay_zero_tol2" time elapsed: 00:00:00
----------------------------------------------------------

14/313 Testing: Test_rpc_svd.FullRankNoReg_rowmajor_double
14/313 Test: Test_rpc_svd.FullRankNoReg_rowmajor_double
Command: "/home/mymel/RandNLA/worktrees/retire-legacy-accelerate/build/bin/RandLAPACK_tests" "--gtest_filter=Test_rpc_svd.FullRankNoReg_rowmajor_double" "--gtest_also_run_disabled_tests"
Directory: /home/mymel/RandNLA/worktrees/retire-legacy-accelerate/build/test
"Test_rpc_svd.FullRankNoReg_rowmajor_double" start time: Aug 05 19:38 PDT
Output:
----------------------------------------------------------
Running main() from /home/mymel/spack-stage/spack-stage-googletest-1.17.0-cifglnehmwsjitvoddp3eldbaaui4w3i/spack-src/googletest/src/gtest_main.cc
Note: Google Test filter = Test_rpc_svd.FullRankNoReg_rowmajor_double
[==========] Running 1 test from 1 test suite.
[----------] Global test environment set-up.
[----------] 1 test from Test_rpc_svd
[ RUN      ] Test_rpc_svd.FullRankNoReg_rowmajor_double
[       OK ] Test_rpc_svd.FullRankNoReg_rowmajor_double (72 ms)
[----------] 1 test from Test_rpc_svd (72 ms total)

[----------] Global test environment tear-down
[==========] 1 test from 1 test suite ran. (72 ms total)
[  PASSED  ] 1 test.
<end of output>
Test time =   0.16 sec
----------------------------------------------------------
Test Passed.
"Test_rpc_svd.FullRankNoReg_rowmajor_double" end time: Aug 05 19:38 PDT
"Test_rpc_svd.FullRankNoReg_rowmajor_double" time elapsed: 00:00:00
----------------------------------------------------------

15/313 Testing: Test_rpc_svd.FullRankNoReg_colmajor_double
15/313 Test: Test_rpc_svd.FullRankNoReg_colmajor_double
Command: "/home/mymel/RandNLA/worktrees/retire-legacy-accelerate/build/bin/RandLAPACK_tests" "--gtest_filter=Test_rpc_svd.FullRankNoReg_colmajor_double" "--gtest_also_run_disabled_tests"
Directory: /home/mymel/RandNLA/worktrees/retire-legacy-accelerate/build/test
"Test_rpc_svd.FullRankNoReg_colmajor_double" start time: Aug 05 19:38 PDT
Output:
----------------------------------------------------------
Running main() from /home/mymel/spack-stage/spack-stage-googletest-1.17.0-cifglnehmwsjitvoddp3eldbaaui4w3i/spack-src/googletest/src/gtest_main.cc
Note: Google Test filter = Test_rpc_svd.FullRankNoReg_colmajor_double
[==========] Running 1 test from 1 test suite.
[----------] Global test environment set-up.
[----------] 1 test from Test_rpc_svd
[ RUN      ] Test_rpc_svd.FullRankNoReg_colmajor_double
[       OK ] Test_rpc_svd.FullRankNoReg_colmajor_double (89 ms)
[----------] 1 test from Test_rpc_svd (89 ms total)

[----------] Global test environment tear-down
[==========] 1 test from 1 test suite ran. (89 ms total)
[  PASSED  ] 1 test.
<end of output>
Test time =   0.18 sec
----------------------------------------------------------
Test Passed.
"Test_rpc_svd.FullRankNoReg_colmajor_double" end time: Aug 05 19:38 PDT
"Test_rpc_svd.FullRankNoReg_colmajor_double" time elapsed: 00:00:00
----------------------------------------------------------

16/313 Testing: Test_rpc_svd.FullRankAfterReg
16/313 Test: Test_rpc_svd.FullRankAfterReg
Command: "/home/mymel/RandNLA/worktrees/retire-legacy-accelerate/build/bin/RandLAPACK_tests" "--gtest_filter=Test_rpc_svd.FullRankAfterReg" "--gtest_also_run_disabled_tests"
Directory: /home/mymel/RandNLA/worktrees/retire-legacy-accelerate/build/test
"Test_rpc_svd.FullRankAfterReg" start time: Aug 05 19:38 PDT
Output:
----------------------------------------------------------
Running main() from /home/mymel/spack-stage/spack-stage-googletest-1.17.0-cifglnehmwsjitvoddp3eldbaaui4w3i/spack-src/googletest/src/gtest_main.cc
Note: Google Test filter = Test_rpc_svd.FullRankAfterReg
[==========] Running 1 test from 1 test suite.
[----------] Global test environment set-up.
[----------] 1 test from Test_rpc_svd
[ RUN      ] Test_rpc_svd.FullRankAfterReg
[       OK ] Test_rpc_svd.FullRankAfterReg (118 ms)
[----------] 1 test from Test_rpc_svd (118 ms total)

[----------] Global test environment tear-down
[==========] 1 test from 1 test suite ran. (118 ms total)
[  PASSED  ] 1 test.
<end of output>
Test time =   0.21 sec
----------------------------------------------------------
Test Passed.
"Test_rpc_svd.FullRankAfterReg" end time: Aug 05 19:38 PDT
"Test_rpc_svd.FullRankAfterReg" time elapsed: 00:00:00
----------------------------------------------------------

17/313 Testing: TestNystromPrecond.basictest
17/313 Test: TestNystromPrecond.basictest
Command: "/home/mymel/RandNLA/worktrees/retire-legacy-accelerate/build/bin/RandLAPACK_tests" "--gtest_filter=TestNystromPrecond.basictest" "--gtest_also_run_disabled_tests"
Directory: /home/mymel/RandNLA/worktrees/retire-legacy-accelerate/build/test
"TestNystromPrecond.basictest" start time: Aug 05 19:38 PDT
Output:
----------------------------------------------------------
Running main() from /home/mymel/spack-stage/spack-stage-googletest-1.17.0-cifglnehmwsjitvoddp3eldbaaui4w3i/spack-src/googletest/src/gtest_main.cc
Note: Google Test filter = TestNystromPrecond.basictest
[==========] Running 1 test from 1 test suite.
[----------] Global test environment set-up.
[----------] 1 test from TestNystromPrecond
[ RUN      ] TestNystromPrecond.basictest
[       OK ] TestNystromPrecond.basictest (3649 ms)
[----------] 1 test from TestNystromPrecond (3649 ms total)

[----------] Global test environment tear-down
[==========] 1 test from 1 test suite ran. (3649 ms total)
[  PASSED  ] 1 test.
<end of output>
Test time =   3.74 sec
----------------------------------------------------------
Test Passed.
"TestNystromPrecond.basictest" end time: Aug 05 19:38 PDT
"TestNystromPrecond.basictest" time elapsed: 00:00:03
----------------------------------------------------------

18/313 Testing: TestRF.Polynomial_Decay_general1
18/313 Test: TestRF.Polynomial_Decay_general1
Command: "/home/mymel/RandNLA/worktrees/retire-legacy-accelerate/build/bin/RandLAPACK_tests" "--gtest_filter=TestRF.Polynomial_Decay_general1" "--gtest_also_run_disabled_tests"
Directory: /home/mymel/RandNLA/worktrees/retire-legacy-accelerate/build/test
"TestRF.Polynomial_Decay_general1" start time: Aug 05 19:38 PDT
Output:
----------------------------------------------------------
Running main() from /home/mymel/spack-stage/spack-stage-googletest-1.17.0-cifglnehmwsjitvoddp3eldbaaui4w3i/spack-src/googletest/src/gtest_main.cc
Note: Google Test filter = TestRF.Polynomial_Decay_general1
[==========] Running 1 test from 1 test suite.
[----------] Global test environment set-up.
[----------] 1 test from TestRF
[ RUN      ] TestRF.Polynomial_Decay_general1
FRO NORM OF Q'Q - I:   8.743163e-15
FRO NORM OF QQ' * Q_hat - Q_hat:   9.724449e-15
FRO NORM OF Q_hat Q_hat' * Q = Q:   9.344525e-15
[       OK ] TestRF.Polynomial_Decay_general1 (34 ms)
[----------] 1 test from TestRF (34 ms total)

[----------] Global test environment tear-down
[==========] 1 test from 1 test suite ran. (34 ms total)
[  PASSED  ] 1 test.
<end of output>
Test time =   0.12 sec
----------------------------------------------------------
Test Passed.
"TestRF.Polynomial_Decay_general1" end time: Aug 05 19:38 PDT
"TestRF.Polynomial_Decay_general1" time elapsed: 00:00:00
----------------------------------------------------------

19/313 Testing: TestRF.Polynomial_Decay_general2
19/313 Test: TestRF.Polynomial_Decay_general2
Command: "/home/mymel/RandNLA/worktrees/retire-legacy-accelerate/build/bin/RandLAPACK_tests" "--gtest_filter=TestRF.Polynomial_Decay_general2" "--gtest_also_run_disabled_tests"
Directory: /home/mymel/RandNLA/worktrees/retire-legacy-accelerate/build/test
"TestRF.Polynomial_Decay_general2" start time: Aug 05 19:38 PDT
Output:
----------------------------------------------------------
Running main() from /home/mymel/spack-stage/spack-stage-googletest-1.17.0-cifglnehmwsjitvoddp3eldbaaui4w3i/spack-src/googletest/src/gtest_main.cc
Note: Google Test filter = TestRF.Polynomial_Decay_general2
[==========] Running 1 test from 1 test suite.
[----------] Global test environment set-up.
[----------] 1 test from TestRF
[ RUN      ] TestRF.Polynomial_Decay_general2
FRO NORM OF Q'Q - I:   3.651514e-15
FRO NORM OF QQ' * Q_hat - Q_hat:   7.071068e+00
FRO NORM OF Q_hat Q_hat' * Q = Q:   6.038938e-15
[       OK ] TestRF.Polynomial_Decay_general2 (40 ms)
[----------] 1 test from TestRF (40 ms total)

[----------] Global test environment tear-down
[==========] 1 test from 1 test suite ran. (40 ms total)
[  PASSED  ] 1 test.
<end of output>
Test time =   0.12 sec
----------------------------------------------------------
Test Passed.
"TestRF.Polynomial_Decay_general2" end time: Aug 05 19:38 PDT
"TestRF.Polynomial_Decay_general2" time elapsed: 00:00:00
----------------------------------------------------------

20/313 Testing: TestSYRF.Polynomial_Decay_general1
20/313 Test: TestSYRF.Polynomial_Decay_general1
Command: "/home/mymel/RandNLA/worktrees/retire-legacy-accelerate/build/bin/RandLAPACK_tests" "--gtest_filter=TestSYRF.Polynomial_Decay_general1" "--gtest_also_run_disabled_tests"
Directory: /home/mymel/RandNLA/worktrees/retire-legacy-accelerate/build/test
"TestSYRF.Polynomial_Decay_general1" start time: Aug 05 19:38 PDT
Output:
----------------------------------------------------------
Running main() from /home/mymel/spack-stage/spack-stage-googletest-1.17.0-cifglnehmwsjitvoddp3eldbaaui4w3i/spack-src/googletest/src/gtest_main.cc
Note: Google Test filter = TestSYRF.Polynomial_Decay_general1
[==========] Running 1 test from 1 test suite.
[----------] Global test environment set-up.
[----------] 1 test from TestSYRF
[ RUN      ] TestSYRF.Polynomial_Decay_general1
FRO NORM OF Q'Q - I:   8.439240e-15
FRO NORM OF QQ' * Q_hat - Q_hat:   8.298268e-15
FRO NORM OF Q_hat Q_hat' * Q = Q:   0.000000e+00
[       OK ] TestSYRF.Polynomial_Decay_general1 (177 ms)
[----------] 1 test from TestSYRF (177 ms total)

[----------] Global test environment tear-down
[==========] 1 test from 1 test suite ran. (177 ms total)
[  PASSED  ] 1 test.
<end of output>
Test time =   0.26 sec
----------------------------------------------------------
Test Passed.
"TestSYRF.Polynomial_Decay_general1" end time: Aug 05 19:38 PDT
"TestSYRF.Polynomial_Decay_general1" time elapsed: 00:00:00
----------------------------------------------------------

21/313 Testing: TestSYRF.Polynomial_Decay_general2
21/313 Test: TestSYRF.Polynomial_Decay_general2
Command: "/home/mymel/RandNLA/worktrees/retire-legacy-accelerate/build/bin/RandLAPACK_tests" "--gtest_filter=TestSYRF.Polynomial_Decay_general2" "--gtest_also_run_disabled_tests"
Directory: /home/mymel/RandNLA/worktrees/retire-legacy-accelerate/build/test
"TestSYRF.Polynomial_Decay_general2" start time: Aug 05 19:38 PDT
Output:
----------------------------------------------------------
Running main() from /home/mymel/spack-stage/spack-stage-googletest-1.17.0-cifglnehmwsjitvoddp3eldbaaui4w3i/spack-src/googletest/src/gtest_main.cc
Note: Google Test filter = TestSYRF.Polynomial_Decay_general2
[==========] Running 1 test from 1 test suite.
[----------] Global test environment set-up.
[----------] 1 test from TestSYRF
[ RUN      ] TestSYRF.Polynomial_Decay_general2
FRO NORM OF Q'Q - I:   4.118905e-15
FRO NORM OF QQ' * Q_hat - Q_hat:   8.625887e+00
FRO NORM OF Q_hat Q_hat' * Q = Q:   0.000000e+00
[       OK ] TestSYRF.Polynomial_Decay_general2 (103 ms)
[----------] 1 test from TestSYRF (103 ms total)

[----------] Global test environment tear-down
[==========] 1 test from 1 test suite ran. (103 ms total)
[  PASSED  ] 1 test.
<end of output>
Test time =   0.19 sec
----------------------------------------------------------
Test Passed.
"TestSYRF.Polynomial_Decay_general2" end time: Aug 05 19:38 PDT
"TestSYRF.Polynomial_Decay_general2" time elapsed: 00:00:00
----------------------------------------------------------

22/313 Testing: TestRPCholesky.test_exact_diag_b1
22/313 Test: TestRPCholesky.test_exact_diag_b1
Command: "/home/mymel/RandNLA/worktrees/retire-legacy-accelerate/build/bin/RandLAPACK_tests" "--gtest_filter=TestRPCholesky.test_exact_diag_b1" "--gtest_also_run_disabled_tests"
Directory: /home/mymel/RandNLA/worktrees/retire-legacy-accelerate/build/test
"TestRPCholesky.test_exact_diag_b1" start time: Aug 05 19:38 PDT
Output:
----------------------------------------------------------
Running main() from /home/mymel/spack-stage/spack-stage-googletest-1.17.0-cifglnehmwsjitvoddp3eldbaaui4w3i/spack-src/googletest/src/gtest_main.cc
Note: Google Test filter = TestRPCholesky.test_exact_diag_b1
[==========] Running 1 test from 1 test suite.
[----------] Global test environment set-up.
[----------] 1 test from TestRPCholesky
[ RUN      ] TestRPCholesky.test_exact_diag_b1
downdate_d_and_cdf failed with exit code 1.
returning with approximation rank 5
downdate_d_and_cdf failed with exit code 1.
returning with approximation rank 10
downdate_d_and_cdf failed with exit code 1.
returning with approximation rank 10
downdate_d_and_cdf failed with exit code 1.
returning with approximation rank 13
downdate_d_and_cdf failed with exit code 1.
returning with approximation rank 100
downdate_d_and_cdf failed with exit code 1.
returning with approximation rank 5
downdate_d_and_cdf failed with exit code 1.
returning with approximation rank 10
downdate_d_and_cdf failed with exit code 1.
returning with approximation rank 10
downdate_d_and_cdf failed with exit code 1.
returning with approximation rank 13
downdate_d_and_cdf failed with exit code 1.
returning with approximation rank 100
downdate_d_and_cdf failed with exit code 1.
returning with approximation rank 5
downdate_d_and_cdf failed with exit code 1.
returning with approximation rank 10
downdate_d_and_cdf failed with exit code 1.
returning with approximation rank 10
downdate_d_and_cdf failed with exit code 1.
returning with approximation rank 13
downdate_d_and_cdf failed with exit code 1.
returning with approximation rank 100
downdate_d_and_cdf failed with exit code 1.
returning with approximation rank 5
downdate_d_and_cdf failed with exit code 1.
returning with approximation rank 10
downdate_d_and_cdf failed with exit code 1.
returning with approximation rank 10
downdate_d_and_cdf failed with exit code 1.
returning with approximation rank 13
downdate_d_and_cdf failed with exit code 1.
returning with approximation rank 100
downdate_d_and_cdf failed with exit code 1.
returning with approximation rank 5
downdate_d_and_cdf failed with exit code 1.
returning with approximation rank 10
downdate_d_and_cdf failed with exit code 1.
returning with approximation rank 10
downdate_d_and_cdf failed with exit code 1.
returning with approximation rank 13
downdate_d_and_cdf failed with exit code 1.
returning with approximation rank 100
downdate_d_and_cdf failed with exit code 1.
returning with approximation rank 5
downdate_d_and_cdf failed with exit code 1.
returning with approximation rank 10
downdate_d_and_cdf failed with exit code 1.
returning with approximation rank 10
downdate_d_and_cdf failed with exit code 1.
returning with approximation rank 13
downdate_d_and_cdf failed with exit code 1.
returning with approximation rank 100
downdate_d_and_cdf failed with exit code 1.
returning with approximation rank 5
downdate_d_and_cdf failed with exit code 1.
returning with approximation rank 10
downdate_d_and_cdf failed with exit code 1.
returning with approximation rank 10
downdate_d_and_cdf failed with exit code 1.
returning with approximation rank 13
downdate_d_and_cdf failed with exit code 1.
returning with approximation rank 100
[       OK ] TestRPCholesky.test_exact_diag_b1 (36 ms)
[----------] 1 test from TestRPCholesky (36 ms total)

[----------] Global test environment tear-down
[==========] 1 test from 1 test suite ran. (36 ms total)
[  PASSED  ] 1 test.
<end of output>
Test time =   0.12 sec
----------------------------------------------------------
Test Passed.
"TestRPCholesky.test_exact_diag_b1" end time: Aug 05 19:38 PDT
"TestRPCholesky.test_exact_diag_b1" time elapsed: 00:00:00
----------------------------------------------------------

23/313 Testing: TestRPCholesky.test_exact_diag_b2
23/313 Test: TestRPCholesky.test_exact_diag_b2
Command: "/home/mymel/RandNLA/worktrees/retire-legacy-accelerate/build/bin/RandLAPACK_tests" "--gtest_filter=TestRPCholesky.test_exact_diag_b2" "--gtest_also_run_disabled_tests"
Directory: /home/mymel/RandNLA/worktrees/retire-legacy-accelerate/build/test
"TestRPCholesky.test_exact_diag_b2" start time: Aug 05 19:38 PDT
Output:
----------------------------------------------------------
Running main() from /home/mymel/spack-stage/spack-stage-googletest-1.17.0-cifglnehmwsjitvoddp3eldbaaui4w3i/spack-src/googletest/src/gtest_main.cc
Note: Google Test filter = TestRPCholesky.test_exact_diag_b2
[==========] Running 1 test from 1 test suite.
[----------] Global test environment set-up.
[----------] 1 test from TestRPCholesky
[ RUN      ] TestRPCholesky.test_exact_diag_b2
downdate_d_and_cdf failed with exit code 1.
returning with approximation rank 10
downdate_d_and_cdf failed with exit code 1.
returning with approximation rank 10
downdate_d_and_cdf failed with exit code 1.
returning with approximation rank 100
downdate_d_and_cdf failed with exit code 1.
returning with approximation rank 10
downdate_d_and_cdf failed with exit code 1.
returning with approximation rank 10
downdate_d_and_cdf failed with exit code 1.
returning with approximation rank 100
downdate_d_and_cdf failed with exit code 1.
returning with approximation rank 10
downdate_d_and_cdf failed with exit code 1.
returning with approximation rank 10
downdate_d_and_cdf failed with exit code 1.
returning with approximation rank 100
downdate_d_and_cdf failed with exit code 1.
returning with approximation rank 10
downdate_d_and_cdf failed with exit code 1.
returning with approximation rank 10
downdate_d_and_cdf failed with exit code 1.
returning with approximation rank 100
downdate_d_and_cdf failed with exit code 1.
returning with approximation rank 10
downdate_d_and_cdf failed with exit code 1.
returning with approximation rank 10
downdate_d_and_cdf failed with exit code 1.
returning with approximation rank 100
downdate_d_and_cdf failed with exit code 1.
returning with approximation rank 10
downdate_d_and_cdf failed with exit code 1.
returning with approximation rank 10
downdate_d_and_cdf failed with exit code 1.
returning with approximation rank 100
downdate_d_and_cdf failed with exit code 1.
returning with approximation rank 10
downdate_d_and_cdf failed with exit code 1.
returning with approximation rank 10
downdate_d_and_cdf failed with exit code 1.
returning with approximation rank 100
[       OK ] TestRPCholesky.test_exact_diag_b2 (60 ms)
[----------] 1 test from TestRPCholesky (60 ms total)

[----------] Global test environment tear-down
[==========] 1 test from 1 test suite ran. (60 ms total)
[  PASSED  ] 1 test.
<end of output>
Test time =   0.14 sec
----------------------------------------------------------
Test Passed.
"TestRPCholesky.test_exact_diag_b2" end time: Aug 05 19:38 PDT
"TestRPCholesky.test_exact_diag_b2" time elapsed: 00:00:00
----------------------------------------------------------

24/313 Testing: TestRPCholesky.test_exact_kahan_gram_b2
24/313 Test: TestRPCholesky.test_exact_kahan_gram_b2
Command: "/home/mymel/RandNLA/worktrees/retire-legacy-accelerate/build/bin/RandLAPACK_tests" "--gtest_filter=TestRPCholesky.test_exact_kahan_gram_b2" "--gtest_also_run_disabled_tests"
Directory: /home/mymel/RandNLA/worktrees/retire-legacy-accelerate/build/test
"TestRPCholesky.test_exact_kahan_gram_b2" start time: Aug 05 19:38 PDT
Output:
----------------------------------------------------------
Running main() from /home/mymel/spack-stage/spack-stage-googletest-1.17.0-cifglnehmwsjitvoddp3eldbaaui4w3i/spack-src/googletest/src/gtest_main.cc
Note: Google Test filter = TestRPCholesky.test_exact_kahan_gram_b2
[==========] Running 1 test from 1 test suite.
[----------] Global test environment set-up.
[----------] 1 test from TestRPCholesky
[ RUN      ] TestRPCholesky.test_exact_kahan_gram_b2
downdate_d_and_cdf failed with exit code 1.
returning with approximation rank 10
downdate_d_and_cdf failed with exit code 1.
returning with approximation rank 11
downdate_d_and_cdf failed with exit code 1.
returning with approximation rank 12
downdate_d_and_cdf failed with exit code 1.
returning with approximation rank 10
downdate_d_and_cdf failed with exit code 1.
returning with approximation rank 11
downdate_d_and_cdf failed with exit code 1.
returning with approximation rank 12
downdate_d_and_cdf failed with exit code 1.
returning with approximation rank 10
downdate_d_and_cdf failed with exit code 1.
returning with approximation rank 11
downdate_d_and_cdf failed with exit code 1.
returning with approximation rank 12
downdate_d_and_cdf failed with exit code 1.
returning with approximation rank 10
downdate_d_and_cdf failed with exit code 1.
returning with approximation rank 11
downdate_d_and_cdf failed with exit code 1.
returning with approximation rank 12
downdate_d_and_cdf failed with exit code 1.
returning with approximation rank 10
downdate_d_and_cdf failed with exit code 1.
returning with approximation rank 11
downdate_d_and_cdf failed with exit code 1.
returning with approximation rank 12
downdate_d_and_cdf failed with exit code 1.
returning with approximation rank 10
downdate_d_and_cdf failed with exit code 1.
returning with approximation rank 11
downdate_d_and_cdf failed with exit code 1.
returning with approximation rank 12
downdate_d_and_cdf failed with exit code 1.
returning with approximation rank 10
downdate_d_and_cdf failed with exit code 1.
returning with approximation rank 11
downdate_d_and_cdf failed with exit code 1.
returning with approximation rank 12
[       OK ] TestRPCholesky.test_exact_kahan_gram_b2 (10 ms)
[----------] 1 test from TestRPCholesky (10 ms total)

[----------] Global test environment tear-down
[==========] 1 test from 1 test suite ran. (10 ms total)
[  PASSED  ] 1 test.
<end of output>
Test time =   0.09 sec
----------------------------------------------------------
Test Passed.
"TestRPCholesky.test_exact_kahan_gram_b2" end time: Aug 05 19:38 PDT
"TestRPCholesky.test_exact_kahan_gram_b2" time elapsed: 00:00:00
----------------------------------------------------------

25/313 Testing: TestRPCholesky.test_exact_kahan_gram_b3
25/313 Test: TestRPCholesky.test_exact_kahan_gram_b3
Command: "/home/mymel/RandNLA/worktrees/retire-legacy-accelerate/build/bin/RandLAPACK_tests" "--gtest_filter=TestRPCholesky.test_exact_kahan_gram_b3" "--gtest_also_run_disabled_tests"
Directory: /home/mymel/RandNLA/worktrees/retire-legacy-accelerate/build/test
"TestRPCholesky.test_exact_kahan_gram_b3" start time: Aug 05 19:38 PDT
Output:
----------------------------------------------------------
Running main() from /home/mymel/spack-stage/spack-stage-googletest-1.17.0-cifglnehmwsjitvoddp3eldbaaui4w3i/spack-src/googletest/src/gtest_main.cc
Note: Google Test filter = TestRPCholesky.test_exact_kahan_gram_b3
[==========] Running 1 test from 1 test suite.
[----------] Global test environment set-up.
[----------] 1 test from TestRPCholesky
[ RUN      ] TestRPCholesky.test_exact_kahan_gram_b3
downdate_d_and_cdf failed with exit code 1.
returning with approximation rank 9
downdate_d_and_cdf failed with exit code 1.
returning with approximation rank 10
downdate_d_and_cdf failed with exit code 1.
returning with approximation rank 11
downdate_d_and_cdf failed with exit code 1.
returning with approximation rank 12
downdate_d_and_cdf failed with exit code 1.
returning with approximation rank 9
downdate_d_and_cdf failed with exit code 1.
returning with approximation rank 10
downdate_d_and_cdf failed with exit code 1.
returning with approximation rank 11
downdate_d_and_cdf failed with exit code 1.
returning with approximation rank 12
downdate_d_and_cdf failed with exit code 1.
returning with approximation rank 9
downdate_d_and_cdf failed with exit code 1.
returning with approximation rank 10
downdate_d_and_cdf failed with exit code 1.
returning with approximation rank 11
downdate_d_and_cdf failed with exit code 1.
returning with approximation rank 12
downdate_d_and_cdf failed with exit code 1.
returning with approximation rank 9
downdate_d_and_cdf failed with exit code 1.
returning with approximation rank 10
downdate_d_and_cdf failed with exit code 1.
returning with approximation rank 11
downdate_d_and_cdf failed with exit code 1.
returning with approximation rank 12
downdate_d_and_cdf failed with exit code 1.
returning with approximation rank 9
downdate_d_and_cdf failed with exit code 1.
returning with approximation rank 10
downdate_d_and_cdf failed with exit code 1.
returning with approximation rank 11
downdate_d_and_cdf failed with exit code 1.
returning with approximation rank 12
downdate_d_and_cdf failed with exit code 1.
returning with approximation rank 9
downdate_d_and_cdf failed with exit code 1.
returning with approximation rank 11
downdate_d_and_cdf failed with exit code 1.
returning with approximation rank 12
downdate_d_and_cdf failed with exit code 1.
returning with approximation rank 9
downdate_d_and_cdf failed with exit code 1.
returning with approximation rank 10
downdate_d_and_cdf failed with exit code 1.
returning with approximation rank 11
downdate_d_and_cdf failed with exit code 1.
returning with approximation rank 12
[       OK ] TestRPCholesky.test_exact_kahan_gram_b3 (127 ms)
[----------] 1 test from TestRPCholesky (127 ms total)

[----------] Global test environment tear-down
[==========] 1 test from 1 test suite ran. (127 ms total)
[  PASSED  ] 1 test.
<end of output>
Test time =   0.21 sec
----------------------------------------------------------
Test Passed.
"TestRPCholesky.test_exact_kahan_gram_b3" end time: Aug 05 19:38 PDT
"TestRPCholesky.test_exact_kahan_gram_b3" time elapsed: 00:00:00
----------------------------------------------------------

26/313 Testing: TestKrillIsh.test_manual_lockstep_nystrom
26/313 Test: TestKrillIsh.test_manual_lockstep_nystrom
Command: "/home/mymel/RandNLA/worktrees/retire-legacy-accelerate/build/bin/RandLAPACK_tests" "--gtest_filter=TestKrillIsh.test_manual_lockstep_nystrom" "--gtest_also_run_disabled_tests"
Directory: /home/mymel/RandNLA/worktrees/retire-legacy-accelerate/build/test
"TestKrillIsh.test_manual_lockstep_nystrom" start time: Aug 05 19:38 PDT
Output:
----------------------------------------------------------
Running main() from /home/mymel/spack-stage/spack-stage-googletest-1.17.0-cifglnehmwsjitvoddp3eldbaaui4w3i/spack-src/googletest/src/gtest_main.cc
Note: Google Test filter = TestKrillIsh.test_manual_lockstep_nystrom
[==========] Running 1 test from 1 test suite.
[----------] Global test environment set-up.
[----------] 1 test from TestKrillIsh
[ RUN      ] TestKrillIsh.test_manual_lockstep_nystrom

Frobenius norm of optimal solution : 54.7343
Frobenius norm of right-hand-side  : 12.2405
normNR : 0.000323668	normR : 12.2405	k: 0	dim : 0
normNR : 7.19426e-06	normR : 2.83008e-05	k: 1	dim : 1
normNR : 1.49328e-07	normR : 1.52888e-07	k: 2	dim : 2
normNR : 2.77808e-08	normR : 3.16273e-08	k: 3	dim : 3
normNR : 8.52513e-09	normR : 9.46448e-09	k: 4	dim : 4
normNR : 2.10793e-09	normR : 2.12561e-09	k: 5	dim : 5
normNR : 4.32483e-10	normR : 5.00645e-10	k: 6	dim : 6
normNR : 1.10322e-10	normR : 1.79337e-10	k: 7	dim : 7
normNR : 2.34631e-11	normR : 6.15359e-11	k: 8	dim : 8
normNR : 6.47549e-12	normR : 2.7742e-11	k: 9	dim : 9
normNR : 1.19761e-12	normR : 1.00151e-11	k: 10	dim : 10
normNR : 4.16352e-13	normR : 3.84261e-12	k: 11	dim : 11
normNR : 7.47354e-14	normR : 1.72757e-13	k: 12	dim : 12
normNR : 1.36663e-14	normR : 2.09564e-14	k: 13	dim : 13

Frobenius norm of optimal solution : 54.7343
Frobenius norm of right-hand-side  : 12.2405
normNR : 0.000323688	normR : 12.2405	k: 0	dim : 0
normNR : 7.49607e-06	normR : 2.94527e-05	k: 1	dim : 1
normNR : 1.55421e-07	normR : 1.59053e-07	k: 2	dim : 2
normNR : 2.25481e-08	normR : 2.71178e-08	k: 3	dim : 3
normNR : 5.17159e-09	normR : 1.14979e-08	k: 4	dim : 4
normNR : 1.29749e-09	normR : 6.55536e-09	k: 5	dim : 5
normNR : 3.37909e-10	normR : 2.23301e-09	k: 6	dim : 6
normNR : 9.60296e-11	normR : 5.38271e-10	k: 7	dim : 7
normNR : 2.19734e-11	normR : 5.86227e-11	k: 8	dim : 8
normNR : 6.35152e-12	normR : 7.02349e-12	k: 9	dim : 9
normNR : 1.017e-12	normR : 2.99095e-12	k: 10	dim : 10
normNR : 1.89228e-13	normR : 2.91901e-12	k: 11	dim : 11
normNR : 5.14631e-14	normR : 1.75992e-12	k: 12	dim : 12
normNR : 1.42097e-14	normR : 2.19416e-13	k: 13	dim : 13

Frobenius norm of optimal solution : 54.7343
Frobenius norm of right-hand-side  : 12.2405
normNR : 0.000323222	normR : 12.2405	k: 0	dim : 0
normNR : 2.47693e-07	normR : 1.03724e-06	k: 1	dim : 1
normNR : 4.44397e-10	normR : 3.7191e-09	k: 2	dim : 2
normNR : 6.97183e-12	normR : 1.03734e-10	k: 3	dim : 3
normNR : 1.21396e-13	normR : 2.40783e-13	k: 4	dim : 4
normNR : 2.02323e-15	normR : 3.56934e-14	k: 5	dim : 5

Frobenius norm of optimal solution : 54.7343
Frobenius norm of right-hand-side  : 12.2405
normNR : 0.000323223	normR : 12.2405	k: 0	dim : 0
normNR : 2.5264e-07	normR : 1.05855e-06	k: 1	dim : 1
normNR : 4.60899e-10	normR : 3.71968e-09	k: 2	dim : 2
normNR : 7.53304e-12	normR : 1.05055e-10	k: 3	dim : 3
normNR : 1.3269e-13	normR : 3.67581e-13	k: 4	dim : 4
normNR : 1.75492e-15	normR : 4.05115e-14	k: 5	dim : 5
[       OK ] TestKrillIsh.test_manual_lockstep_nystrom (3773 ms)
[----------] 1 test from TestKrillIsh (3773 ms total)

[----------] Global test environment tear-down
[==========] 1 test from 1 test suite ran. (3773 ms total)
[  PASSED  ] 1 test.
<end of output>
Test time =   3.86 sec
----------------------------------------------------------
Test Passed.
"TestKrillIsh.test_manual_lockstep_nystrom" end time: Aug 05 19:38 PDT
"TestKrillIsh.test_manual_lockstep_nystrom" time elapsed: 00:00:03
----------------------------------------------------------

27/313 Testing: TestKrillIsh.test_manual_lockstep_rpchol
27/313 Test: TestKrillIsh.test_manual_lockstep_rpchol
Command: "/home/mymel/RandNLA/worktrees/retire-legacy-accelerate/build/bin/RandLAPACK_tests" "--gtest_filter=TestKrillIsh.test_manual_lockstep_rpchol" "--gtest_also_run_disabled_tests"
Directory: /home/mymel/RandNLA/worktrees/retire-legacy-accelerate/build/test
"TestKrillIsh.test_manual_lockstep_rpchol" start time: Aug 05 19:38 PDT
Output:
----------------------------------------------------------
Running main() from /home/mymel/spack-stage/spack-stage-googletest-1.17.0-cifglnehmwsjitvoddp3eldbaaui4w3i/spack-src/googletest/src/gtest_main.cc
Note: Google Test filter = TestKrillIsh.test_manual_lockstep_rpchol
[==========] Running 1 test from 1 test suite.
[----------] Global test environment set-up.
[----------] 1 test from TestKrillIsh
[ RUN      ] TestKrillIsh.test_manual_lockstep_rpchol

Frobenius norm of optimal solution : 54.7343
Frobenius norm of right-hand-side  : 12.2405
normNR : 0.000323198	normR : 12.2405	k: 0	dim : 0
normNR : 5.41895e-08	normR : 1.40638e-07	k: 1	dim : 1
normNR : 5.36048e-10	normR : 3.42616e-09	k: 2	dim : 2
normNR : 1.23556e-11	normR : 5.69618e-11	k: 3	dim : 3
normNR : 2.41488e-13	normR : 6.32197e-13	k: 4	dim : 4
normNR : 2.93216e-15	normR : 1.90908e-14	k: 5	dim : 5

Frobenius norm of optimal solution : 54.7343
Frobenius norm of right-hand-side  : 12.2405
normNR : 0.000323198	normR : 12.2405	k: 0	dim : 0
normNR : 5.34135e-08	normR : 1.22951e-07	k: 1	dim : 1
normNR : 7.1067e-10	normR : 4.86716e-09	k: 2	dim : 2
normNR : 1.23463e-11	normR : 5.79358e-11	k: 3	dim : 3
normNR : 2.15362e-13	normR : 5.335e-13	k: 4	dim : 4
normNR : 4.6288e-15	normR : 1.92215e-14	k: 5	dim : 5
[       OK ] TestKrillIsh.test_manual_lockstep_rpchol (288 ms)
[----------] 1 test from TestKrillIsh (288 ms total)

[----------] Global test environment tear-down
[==========] 1 test from 1 test suite ran. (288 ms total)
[  PASSED  ] 1 test.
<end of output>
Test time =   0.37 sec
----------------------------------------------------------
Test Passed.
"TestKrillIsh.test_manual_lockstep_rpchol" end time: Aug 05 19:38 PDT
"TestKrillIsh.test_manual_lockstep_rpchol" time elapsed: 00:00:00
----------------------------------------------------------

28/313 Testing: TestKrillx.test_krill_full_rpchol
28/313 Test: TestKrillx.test_krill_full_rpchol
Command: "/home/mymel/RandNLA/worktrees/retire-legacy-accelerate/build/bin/RandLAPACK_tests" "--gtest_filter=TestKrillx.test_krill_full_rpchol" "--gtest_also_run_disabled_tests"
Directory: /home/mymel/RandNLA/worktrees/retire-legacy-accelerate/build/test
"TestKrillx.test_krill_full_rpchol" start time: Aug 05 19:38 PDT
Output:
----------------------------------------------------------
Running main() from /home/mymel/spack-stage/spack-stage-googletest-1.17.0-cifglnehmwsjitvoddp3eldbaaui4w3i/spack-src/googletest/src/gtest_main.cc
Note: Google Test filter = TestKrillx.test_krill_full_rpchol
[==========] Running 1 test from 1 test suite.
[----------] Global test environment set-up.
[----------] 1 test from TestKrillx
[ RUN      ] TestKrillx.test_krill_full_rpchol

Frobenius norm of optimal solution : 54.7343
Frobenius norm of right-hand-side  : 12.2405
normNR : 0.000323199	normR : 12.2405	k: 0	dim : 0
normNR : 5.12823e-08	normR : 1.27541e-07	k: 1	dim : 1
normNR : 8.2546e-10	normR : 4.47951e-09	k: 2	dim : 2
normNR : 1.37796e-11	normR : 5.92523e-11	k: 3	dim : 3
normNR : 2.44241e-13	normR : 6.36205e-13	k: 4	dim : 4
normNR : 3.60546e-15	normR : 1.90583e-14	k: 5	dim : 5

Frobenius norm of optimal solution : 54.7343
Frobenius norm of right-hand-side  : 12.2405
normNR : 0.000323199	normR : 12.2405	k: 0	dim : 0
normNR : 5.78644e-08	normR : 1.22799e-07	k: 1	dim : 1
normNR : 6.06734e-10	normR : 4.03945e-09	k: 2	dim : 2
normNR : 1.29044e-11	normR : 6.38077e-11	k: 3	dim : 3
normNR : 2.62622e-13	normR : 6.40893e-13	k: 4	dim : 4
normNR : 4.93163e-15	normR : 1.76211e-14	k: 5	dim : 5

Frobenius norm of optimal solution : 54.7343
Frobenius norm of right-hand-side  : 12.2405
normNR : 0.000323229	normR : 12.2405	k: 0	dim : 0
normNR : 2.41773e-07	normR : 4.51073e-07	k: 1	dim : 1
normNR : 1.3213e-08	normR : 4.52948e-08	k: 2	dim : 2
normNR : 1.09151e-09	normR : 3.70307e-09	k: 3	dim : 3
normNR : 5.36772e-11	normR : 1.47188e-10	k: 4	dim : 4
normNR : 2.62125e-12	normR : 7.29443e-12	k: 5	dim : 5
normNR : 2.16518e-13	normR : 7.47297e-13	k: 6	dim : 6
normNR : 1.40842e-14	normR : 6.42834e-14	k: 7	dim : 7

Frobenius norm of optimal solution : 54.7343
Frobenius norm of right-hand-side  : 12.2405
normNR : 0.000323217	normR : 12.2405	k: 0	dim : 0
normNR : 2.20451e-07	normR : 4.45887e-07	k: 1	dim : 1
normNR : 1.05873e-08	normR : 3.56637e-08	k: 2	dim : 2
normNR : 1.09473e-09	normR : 3.47323e-09	k: 3	dim : 3
normNR : 4.38166e-11	normR : 1.22596e-10	k: 4	dim : 4
normNR : 2.21398e-12	normR : 6.61579e-12	k: 5	dim : 5
normNR : 1.24864e-13	normR : 4.67853e-13	k: 6	dim : 6
normNR : 5.44407e-15	normR : 2.87343e-14	k: 7	dim : 7
[       OK ] TestKrillx.test_krill_full_rpchol (2540 ms)
[----------] 1 test from TestKrillx (2540 ms total)

[----------] Global test environment tear-down
[==========] 1 test from 1 test suite ran. (2540 ms total)
[  PASSED  ] 1 test.
<end of output>
Test time =   2.62 sec
----------------------------------------------------------
Test Passed.
"TestKrillx.test_krill_full_rpchol" end time: Aug 05 19:38 PDT
"TestKrillx.test_krill_full_rpchol" time elapsed: 00:00:02
----------------------------------------------------------

29/313 Testing: TestKrillx.test_krill_separable_squared_exp_kernel
29/313 Test: TestKrillx.test_krill_separable_squared_exp_kernel
Command: "/home/mymel/RandNLA/worktrees/retire-legacy-accelerate/build/bin/RandLAPACK_tests" "--gtest_filter=TestKrillx.test_krill_separable_squared_exp_kernel" "--gtest_also_run_disabled_tests"
Directory: /home/mymel/RandNLA/worktrees/retire-legacy-accelerate/build/test
"TestKrillx.test_krill_separable_squared_exp_kernel" start time: Aug 05 19:38 PDT
Output:
----------------------------------------------------------
Running main() from /home/mymel/spack-stage/spack-stage-googletest-1.17.0-cifglnehmwsjitvoddp3eldbaaui4w3i/spack-src/googletest/src/gtest_main.cc
Note: Google Test filter = TestKrillx.test_krill_separable_squared_exp_kernel
[==========] Running 1 test from 1 test suite.
[----------] Global test environment set-up.
[----------] 1 test from TestKrillx
[ RUN      ] TestKrillx.test_krill_separable_squared_exp_kernel

Frobenius norm of optimal solution : 54.7343
Frobenius norm of right-hand-side  : 1547.83
normNR : 32.1276	normR : 1547.83	k: 0	dim : 0
normNR : 0.312583	normR : 0.935192	k: 1	dim : 1
normNR : 0.0679348	normR : 0.463219	k: 2	dim : 2
normNR : 0.0301109	normR : 0.311213	k: 3	dim : 3
normNR : 0.0102961	normR : 0.0793985	k: 4	dim : 4
normNR : 0.00234316	normR : 0.0109326	k: 5	dim : 5
normNR : 0.000631939	normR : 0.00201616	k: 6	dim : 6
normNR : 0.000187994	normR : 0.000292942	k: 7	dim : 7
normNR : 6.40367e-05	normR : 0.000160359	k: 8	dim : 8
normNR : 2.4418e-05	normR : 7.64079e-05	k: 9	dim : 9
normNR : 6.11249e-06	normR : 2.41344e-05	k: 10	dim : 10
normNR : 1.75864e-06	normR : 5.46325e-06	k: 11	dim : 11
normNR : 5.19989e-07	normR : 1.015e-06	k: 12	dim : 12
normNR : 1.32955e-07	normR : 4.03705e-07	k: 13	dim : 13
normNR : 4.08414e-08	normR : 1.50951e-07	k: 14	dim : 14
normNR : 9.26412e-09	normR : 2.80448e-08	k: 15	dim : 15
normNR : 2.58168e-09	normR : 5.17918e-09	k: 16	dim : 16
normNR : 6.63566e-10	normR : 1.62157e-09	k: 17	dim : 17
normNR : 1.88717e-10	normR : 5.88178e-10	k: 18	dim : 18
normNR : 5.12743e-11	normR : 1.67238e-10	k: 19	dim : 19
normNR : 1.39406e-11	normR : 2.88746e-11	k: 20	dim : 20
normNR : 3.62968e-12	normR : 9.0346e-12	k: 21	dim : 21
normNR : 1.06936e-12	normR : 3.51353e-12	k: 22	dim : 22
normNR : 3.02402e-13	normR : 9.31725e-13	k: 23	dim : 23

Frobenius norm of optimal solution : 54.7343
Frobenius norm of right-hand-side  : 1547.83
normNR : 32.1245	normR : 1547.83	k: 0	dim : 0
normNR : 0.336139	normR : 1.67769	k: 1	dim : 1
normNR : 0.0624889	normR : 0.504439	k: 2	dim : 2
normNR : 0.0292328	normR : 0.249715	k: 3	dim : 3
normNR : 0.00923544	normR : 0.0739583	k: 4	dim : 4
normNR : 0.00273307	normR : 0.0139933	k: 5	dim : 5
normNR : 0.000644531	normR : 0.00188705	k: 6	dim : 6
normNR : 0.000246332	normR : 0.000396903	k: 7	dim : 7
normNR : 7.8638e-05	normR : 0.000219191	k: 8	dim : 8
normNR : 2.4383e-05	normR : 0.000101502	k: 9	dim : 9
normNR : 6.64513e-06	normR : 2.61419e-05	k: 10	dim : 10
normNR : 2.20692e-06	normR : 4.70959e-06	k: 11	dim : 11
normNR : 6.87093e-07	normR : 1.46067e-06	k: 12	dim : 12
normNR : 1.59903e-07	normR : 6.97516e-07	k: 13	dim : 13
normNR : 5.05714e-08	normR : 2.06686e-07	k: 14	dim : 14
normNR : 1.46727e-08	normR : 4.02006e-08	k: 15	dim : 15
normNR : 4.02404e-09	normR : 7.99599e-09	k: 16	dim : 16
normNR : 1.31419e-09	normR : 4.14738e-09	k: 17	dim : 17
normNR : 4.42014e-10	normR : 1.42899e-09	k: 18	dim : 18
normNR : 1.03795e-10	normR : 3.59842e-10	k: 19	dim : 19
normNR : 2.2593e-11	normR : 4.81751e-11	k: 20	dim : 20
normNR : 6.90508e-12	normR : 1.85815e-11	k: 21	dim : 21
normNR : 1.83429e-12	normR : 6.40687e-12	k: 22	dim : 22
normNR : 4.35799e-13	normR : 9.98246e-13	k: 23	dim : 23

Frobenius norm of optimal solution : 54.7343
Frobenius norm of right-hand-side  : 1703.07
normNR : 32.1249	normR : 1703.07	k: 0	dim : 0
normNR : 0.291121	normR : 1.40499	k: 1	dim : 1
normNR : 0.0547023	normR : 0.36322	k: 2	dim : 2
normNR : 0.0225423	normR : 0.240534	k: 3	dim : 3
normNR : 0.00637392	normR : 0.0568998	k: 4	dim : 4
normNR : 0.00196004	normR : 0.0118348	k: 5	dim : 5
normNR : 0.000589664	normR : 0.00253026	k: 6	dim : 6
normNR : 0.000189932	normR : 0.000397747	k: 7	dim : 7
normNR : 6.37458e-05	normR : 0.000125126	k: 8	dim : 8
normNR : 1.88512e-05	normR : 6.64565e-05	k: 9	dim : 9
normNR : 4.91632e-06	normR : 2.3111e-05	k: 10	dim : 10
normNR : 1.61143e-06	normR : 7.08853e-06	k: 11	dim : 11
normNR : 4.39506e-07	normR : 1.22071e-06	k: 12	dim : 12
normNR : 1.14438e-07	normR : 2.21154e-07	k: 13	dim : 13
normNR : 3.27187e-08	normR : 1.04333e-07	k: 14	dim : 14
normNR : 9.71679e-09	normR : 4.01969e-08	k: 15	dim : 15
normNR : 2.23999e-09	normR : 9.86206e-09	k: 16	dim : 16
normNR : 4.72004e-10	normR : 1.22234e-09	k: 17	dim : 17
normNR : 1.1941e-10	normR : 2.87144e-10	k: 18	dim : 18
normNR : 3.77761e-11	normR : 1.26755e-10	k: 19	dim : 19
normNR : 9.91038e-12	normR : 3.85567e-11	k: 20	dim : 20
normNR : 2.35819e-12	normR : 6.61939e-12	k: 21	dim : 21
normNR : 5.31732e-13	normR : 1.20563e-12	k: 22	dim : 22

Frobenius norm of optimal solution : 54.7343
Frobenius norm of right-hand-side  : 1703.07
normNR : 32.1274	normR : 1703.07	k: 0	dim : 0
normNR : 0.413798	normR : 2.829	k: 1	dim : 1
normNR : 0.0935237	normR : 0.234056	k: 2	dim : 2
normNR : 0.0324778	normR : 0.302398	k: 3	dim : 3
normNR : 0.0122944	normR : 0.122979	k: 4	dim : 4
normNR : 0.00454639	normR : 0.036403	k: 5	dim : 5
normNR : 0.00124973	normR : 0.00856704	k: 6	dim : 6
normNR : 0.000345895	normR : 0.00164204	k: 7	dim : 7
normNR : 0.000109583	normR : 0.000242964	k: 8	dim : 8
normNR : 2.39463e-05	normR : 7.92387e-05	k: 9	dim : 9
normNR : 7.8624e-06	normR : 3.79056e-05	k: 10	dim : 10
normNR : 2.67138e-06	normR : 1.30113e-05	k: 11	dim : 11
normNR : 7.04264e-07	normR : 2.66192e-06	k: 12	dim : 12
normNR : 1.9804e-07	normR : 4.83774e-07	k: 13	dim : 13
normNR : 7.596e-08	normR : 1.38403e-07	k: 14	dim : 14
normNR : 2.15899e-08	normR : 6.57893e-08	k: 15	dim : 15
normNR : 6.66485e-09	normR : 2.80288e-08	k: 16	dim : 16
normNR : 1.76408e-09	normR : 7.58431e-09	k: 17	dim : 17
normNR : 4.27408e-10	normR : 1.10392e-09	k: 18	dim : 18
normNR : 1.04754e-10	normR : 2.22333e-10	k: 19	dim : 19
normNR : 2.86723e-11	normR : 9.65979e-11	k: 20	dim : 20
normNR : 7.01834e-12	normR : 3.11514e-11	k: 21	dim : 21
normNR : 1.48793e-12	normR : 4.79104e-12	k: 22	dim : 22
normNR : 4.18291e-13	normR : 8.72203e-13	k: 23	dim : 23

Frobenius norm of optimal solution : 54.7343
Frobenius norm of right-hand-side  : 1541.53
normNR : 32.1267	normR : 1541.53	k: 0	dim : 0
normNR : 0.336621	normR : 1.77489	k: 1	dim : 1
normNR : 0.0518918	normR : 0.35959	k: 2	dim : 2
normNR : 0.0229739	normR : 0.227266	k: 3	dim : 3
normNR : 0.00756241	normR : 0.0535619	k: 4	dim : 4
normNR : 0.00236593	normR : 0.0124077	k: 5	dim : 5
normNR : 0.000500481	normR : 0.00208354	k: 6	dim : 6
normNR : 0.000155519	normR : 0.000358217	k: 7	dim : 7
normNR : 4.5172e-05	normR : 8.18349e-05	k: 8	dim : 8
normNR : 1.32005e-05	normR : 4.08637e-05	k: 9	dim : 9
normNR : 4.26404e-06	normR : 1.59078e-05	k: 10	dim : 10
normNR : 1.13419e-06	normR : 4.43052e-06	k: 11	dim : 11
normNR : 3.46807e-07	normR : 1.19167e-06	k: 12	dim : 12
normNR : 5.55482e-08	normR : 1.38822e-07	k: 13	dim : 13
normNR : 1.82233e-08	normR : 5.43097e-08	k: 14	dim : 14
normNR : 4.29468e-09	normR : 1.62583e-08	k: 15	dim : 15
normNR : 9.37024e-10	normR : 3.24947e-09	k: 16	dim : 16
normNR : 2.70161e-10	normR : 5.08789e-10	k: 17	dim : 17
normNR : 7.28062e-11	normR : 1.65907e-10	k: 18	dim : 18
normNR : 2.04763e-11	normR : 6.74838e-11	k: 19	dim : 19
normNR : 5.4407e-12	normR : 1.92477e-11	k: 20	dim : 20
normNR : 1.04401e-12	normR : 2.51173e-12	k: 21	dim : 21
normNR : 2.32437e-13	normR : 4.82784e-13	k: 22	dim : 22

Frobenius norm of optimal solution : 54.7343
Frobenius norm of right-hand-side  : 1541.53
normNR : 32.1336	normR : 1541.53	k: 0	dim : 0
normNR : 0.346202	normR : 2.09306	k: 1	dim : 1
normNR : 0.0600411	normR : 0.325796	k: 2	dim : 2
normNR : 0.0276396	normR : 0.267647	k: 3	dim : 3
normNR : 0.0100464	normR : 0.0896337	k: 4	dim : 4
normNR : 0.00263041	normR : 0.0161875	k: 5	dim : 5
normNR : 0.000624594	normR : 0.00275527	k: 6	dim : 6
normNR : 0.000160148	normR : 0.000371677	k: 7	dim : 7
normNR : 4.63911e-05	normR : 9.43697e-05	k: 8	dim : 8
normNR : 1.11739e-05	normR : 5.08872e-05	k: 9	dim : 9
normNR : 4.06161e-06	normR : 1.66224e-05	k: 10	dim : 10
normNR : 1.1049e-06	normR : 3.02495e-06	k: 11	dim : 11
normNR : 3.06506e-07	normR : 6.2274e-07	k: 12	dim : 12
normNR : 8.73475e-08	normR : 2.18825e-07	k: 13	dim : 13
normNR : 2.41009e-08	normR : 8.82743e-08	k: 14	dim : 14
normNR : 6.5617e-09	normR : 2.33585e-08	k: 15	dim : 15
normNR : 1.79446e-09	normR : 5.01537e-09	k: 16	dim : 16
normNR : 4.21829e-10	normR : 9.91326e-10	k: 17	dim : 17
normNR : 1.18587e-10	normR : 4.23835e-10	k: 18	dim : 18
normNR : 2.61279e-11	normR : 8.96397e-11	k: 19	dim : 19
normNR : 4.59641e-12	normR : 1.10729e-11	k: 20	dim : 20
normNR : 1.18229e-12	normR : 2.84015e-12	k: 21	dim : 21
normNR : 2.89545e-13	normR : 9.01374e-13	k: 22	dim : 22

Frobenius norm of optimal solution : 54.7343
Frobenius norm of right-hand-side  : 1668.41
normNR : 32.1411	normR : 1668.41	k: 0	dim : 0
normNR : 0.382876	normR : 1.12977	k: 1	dim : 1
normNR : 0.0676046	normR : 0.289858	k: 2	dim : 2
normNR : 0.0321187	normR : 0.255232	k: 3	dim : 3
normNR : 0.0115378	normR : 0.107605	k: 4	dim : 4
normNR : 0.00352436	normR : 0.0241968	k: 5	dim : 5
normNR : 0.000974248	normR : 0.00441474	k: 6	dim : 6
normNR : 0.000308476	normR : 0.00078722	k: 7	dim : 7
normNR : 0.000100932	normR : 0.000189606	k: 8	dim : 8
normNR : 3.65929e-05	normR : 8.89631e-05	k: 9	dim : 9
normNR : 1.16224e-05	normR : 4.35625e-05	k: 10	dim : 10
normNR : 3.54325e-06	normR : 1.46027e-05	k: 11	dim : 11
normNR : 1.155e-06	normR : 4.04887e-06	k: 12	dim : 12
normNR : 3.46003e-07	normR : 8.36009e-07	k: 13	dim : 13
normNR : 9.95616e-08	normR : 2.11021e-07	k: 14	dim : 14
normNR : 3.06982e-08	normR : 8.96019e-08	k: 15	dim : 15
normNR : 9.30442e-09	normR : 3.66461e-08	k: 16	dim : 16
normNR : 2.78114e-09	normR : 1.00557e-08	k: 17	dim : 17
normNR : 5.97332e-10	normR : 1.59625e-09	k: 18	dim : 18
normNR : 1.37544e-10	normR : 3.9248e-10	k: 19	dim : 19
normNR : 3.43418e-11	normR : 1.17614e-10	k: 20	dim : 20
normNR : 8.25787e-12	normR : 3.092e-11	k: 21	dim : 21
normNR : 1.71316e-12	normR : 4.10195e-12	k: 22	dim : 22
normNR : 3.67471e-13	normR : 1.07305e-12	k: 23	dim : 23

Frobenius norm of optimal solution : 54.7343
Frobenius norm of right-hand-side  : 1668.41
normNR : 32.1394	normR : 1668.41	k: 0	dim : 0
normNR : 0.372455	normR : 1.41379	k: 1	dim : 1
normNR : 0.0662128	normR : 0.264125	k: 2	dim : 2
normNR : 0.0279304	normR : 0.23394	k: 3	dim : 3
normNR : 0.0112779	normR : 0.101316	k: 4	dim : 4
normNR : 0.00301653	normR : 0.0255588	k: 5	dim : 5
normNR : 0.000668214	normR : 0.00328519	k: 6	dim : 6
normNR : 0.000249531	normR : 0.000706328	k: 7	dim : 7
normNR : 6.03996e-05	normR : 0.000122107	k: 8	dim : 8
normNR : 1.95498e-05	normR : 7.02148e-05	k: 9	dim : 9
normNR : 7.05051e-06	normR : 3.34206e-05	k: 10	dim : 10
normNR : 2.21734e-06	normR : 8.35781e-06	k: 11	dim : 11
normNR : 6.57247e-07	normR : 1.77094e-06	k: 12	dim : 12
normNR : 2.06296e-07	normR : 4.00861e-07	k: 13	dim : 13
normNR : 5.6296e-08	normR : 1.47721e-07	k: 14	dim : 14
normNR : 1.77149e-08	normR : 5.7639e-08	k: 15	dim : 15
normNR : 4.47854e-09	normR : 1.83042e-08	k: 16	dim : 16
normNR : 1.38241e-09	normR : 3.73188e-09	k: 17	dim : 17
normNR : 3.69986e-10	normR : 8.29317e-10	k: 18	dim : 18
normNR : 1.00735e-10	normR : 3.27346e-10	k: 19	dim : 19
normNR : 2.89776e-11	normR : 8.64868e-11	k: 20	dim : 20
normNR : 7.55647e-12	normR : 2.3353e-11	k: 21	dim : 21
normNR : 1.74403e-12	normR : 4.63913e-12	k: 22	dim : 22
normNR : 4.2458e-13	normR : 9.45376e-13	k: 23	dim : 23

Frobenius norm of optimal solution : 54.7343
Frobenius norm of right-hand-side  : 1690.08
normNR : 32.1335	normR : 1690.08	k: 0	dim : 0
normNR : 0.45086	normR : 2.7649	k: 1	dim : 1
normNR : 0.0930764	normR : 0.287316	k: 2	dim : 2
normNR : 0.0337894	normR : 0.279341	k: 3	dim : 3
normNR : 0.0139209	normR : 0.102812	k: 4	dim : 4
normNR : 0.0035053	normR : 0.0205675	k: 5	dim : 5
normNR : 0.0010266	normR : 0.00441032	k: 6	dim : 6
normNR : 0.000235372	normR : 0.000498302	k: 7	dim : 7
normNR : 6.56535e-05	normR : 0.000159029	k: 8	dim : 8
normNR : 2.08344e-05	normR : 7.76064e-05	k: 9	dim : 9
normNR : 6.35038e-06	normR : 2.77987e-05	k: 10	dim : 10
normNR : 2.00329e-06	normR : 5.82379e-06	k: 11	dim : 11
normNR : 6.47686e-07	normR : 1.35759e-06	k: 12	dim : 12
normNR : 1.68872e-07	normR : 4.28571e-07	k: 13	dim : 13
normNR : 6.07825e-08	normR : 1.85144e-07	k: 14	dim : 14
normNR : 1.34222e-08	normR : 5.223e-08	k: 15	dim : 15
normNR : 4.39643e-09	normR : 1.04326e-08	k: 16	dim : 16
normNR : 1.06048e-09	normR : 2.41916e-09	k: 17	dim : 17
normNR : 3.36207e-10	normR : 9.54056e-10	k: 18	dim : 18
normNR : 7.42242e-11	normR : 2.71313e-10	k: 19	dim : 19
normNR : 1.76229e-11	normR : 4.99842e-11	k: 20	dim : 20
normNR : 4.37201e-12	normR : 9.43819e-12	k: 21	dim : 21
normNR : 9.34705e-13	normR : 3.75722e-12	k: 22	dim : 22
normNR : 2.04568e-13	normR : 6.37248e-13	k: 23	dim : 23

Frobenius norm of optimal solution : 54.7343
Frobenius norm of right-hand-side  : 1690.08
normNR : 32.1452	normR : 1690.08	k: 0	dim : 0
normNR : 0.393851	normR : 1.52103	k: 1	dim : 1
normNR : 0.067039	normR : 0.328967	k: 2	dim : 2
normNR : 0.0332046	normR : 0.238188	k: 3	dim : 3
normNR : 0.011812	normR : 0.0859524	k: 4	dim : 4
normNR : 0.00369145	normR : 0.0183852	k: 5	dim : 5
normNR : 0.000995609	normR : 0.00351744	k: 6	dim : 6
normNR : 0.000316435	normR : 0.000702278	k: 7	dim : 7
normNR : 0.000118641	normR : 0.000241005	k: 8	dim : 8
normNR : 3.42545e-05	normR : 0.000125168	k: 9	dim : 9
normNR : 1.08247e-05	normR : 4.31915e-05	k: 10	dim : 10
normNR : 2.81634e-06	normR : 1.15652e-05	k: 11	dim : 11
normNR : 8.14235e-07	normR : 1.92515e-06	k: 12	dim : 12
normNR : 2.25871e-07	normR : 5.198e-07	k: 13	dim : 13
normNR : 6.8488e-08	normR : 2.62529e-07	k: 14	dim : 14
normNR : 1.93557e-08	normR : 6.5065e-08	k: 15	dim : 15
normNR : 5.70639e-09	normR : 1.65429e-08	k: 16	dim : 16
normNR : 1.38521e-09	normR : 2.54014e-09	k: 17	dim : 17
normNR : 4.33301e-10	normR : 1.05845e-09	k: 18	dim : 18
normNR : 1.02179e-10	normR : 3.80218e-10	k: 19	dim : 19
normNR : 2.69553e-11	normR : 8.72332e-11	k: 20	dim : 20
normNR : 6.69008e-12	normR : 1.35833e-11	k: 21	dim : 21
normNR : 1.42641e-12	normR : 4.77109e-12	k: 22	dim : 22
normNR : 3.91382e-13	normR : 1.38343e-12	k: 23	dim : 23
[       OK ] TestKrillx.test_krill_separable_squared_exp_kernel (4126 ms)
[----------] 1 test from TestKrillx (4126 ms total)

[----------] Global test environment tear-down
[==========] 1 test from 1 test suite ran. (4126 ms total)
[  PASSED  ] 1 test.
<end of output>
Test time =   4.21 sec
----------------------------------------------------------
Test Passed.
"TestKrillx.test_krill_separable_squared_exp_kernel" end time: Aug 05 19:38 PDT
"TestKrillx.test_krill_separable_squared_exp_kernel" time elapsed: 00:00:04
----------------------------------------------------------

30/313 Testing: TestRSVD.SimpleTest
30/313 Test: TestRSVD.SimpleTest
Command: "/home/mymel/RandNLA/worktrees/retire-legacy-accelerate/build/bin/RandLAPACK_tests" "--gtest_filter=TestRSVD.SimpleTest" "--gtest_also_run_disabled_tests"
Directory: /home/mymel/RandNLA/worktrees/retire-legacy-accelerate/build/test
"TestRSVD.SimpleTest" start time: Aug 05 19:38 PDT
Output:
----------------------------------------------------------
Running main() from /home/mymel/spack-stage/spack-stage-googletest-1.17.0-cifglnehmwsjitvoddp3eldbaaui4w3i/spack-src/googletest/src/gtest_main.cc
Note: Google Test filter = TestRSVD.SimpleTest
[==========] Running 1 test from 1 test suite.
[----------] Global test environment set-up.
[----------] 1 test from TestRSVD
[ RUN      ] TestRSVD.SimpleTest
FRO NORM OF A_k - QB:  2.122767e-15
[       OK ] TestRSVD.SimpleTest (25 ms)
[----------] 1 test from TestRSVD (25 ms total)

[----------] Global test environment tear-down
[==========] 1 test from 1 test suite ran. (25 ms total)
[  PASSED  ] 1 test.
<end of output>
Test time =   0.11 sec
----------------------------------------------------------
Test Passed.
"TestRSVD.SimpleTest" end time: Aug 05 19:38 PDT
"TestRSVD.SimpleTest" time elapsed: 00:00:00
----------------------------------------------------------

31/313 Testing: TestCQRRPT.CQRRPT_full_rank_no_hqrrp
31/313 Test: TestCQRRPT.CQRRPT_full_rank_no_hqrrp
Command: "/home/mymel/RandNLA/worktrees/retire-legacy-accelerate/build/bin/RandLAPACK_tests" "--gtest_filter=TestCQRRPT.CQRRPT_full_rank_no_hqrrp" "--gtest_also_run_disabled_tests"
Directory: /home/mymel/RandNLA/worktrees/retire-legacy-accelerate/build/test
"TestCQRRPT.CQRRPT_full_rank_no_hqrrp" start time: Aug 05 19:38 PDT
Output:
----------------------------------------------------------
Running main() from /home/mymel/spack-stage/spack-stage-googletest-1.17.0-cifglnehmwsjitvoddp3eldbaaui4w3i/spack-src/googletest/src/gtest_main.cc
Note: Google Test filter = TestCQRRPT.CQRRPT_full_rank_no_hqrrp
[==========] Running 1 test from 1 test suite.
[----------] Global test environment set-up.
[----------] 1 test from TestCQRRPT
[ RUN      ] TestCQRRPT.CQRRPT_full_rank_no_hqrrp
RANK AS RETURNED BY CQRRPT 5
REL NORM OF AP - QR:       1.623094e-16
MAX COL NORM METRIC:       3.312250e-16
FRO NORM OF (Q'Q - I)/sqrt(n): 1.652839e-16

[       OK ] TestCQRRPT.CQRRPT_full_rank_no_hqrrp (52 ms)
[----------] 1 test from TestCQRRPT (53 ms total)

[----------] Global test environment tear-down
[==========] 1 test from 1 test suite ran. (53 ms total)
[  PASSED  ] 1 test.
<end of output>
Test time =   0.13 sec
----------------------------------------------------------
Test Passed.
"TestCQRRPT.CQRRPT_full_rank_no_hqrrp" end time: Aug 05 19:38 PDT
"TestCQRRPT.CQRRPT_full_rank_no_hqrrp" time elapsed: 00:00:00
----------------------------------------------------------

32/313 Testing: TestCQRRPT.CQRRPT_low_rank_with_hqrrp
32/313 Test: TestCQRRPT.CQRRPT_low_rank_with_hqrrp
Command: "/home/mymel/RandNLA/worktrees/retire-legacy-accelerate/build/bin/RandLAPACK_tests" "--gtest_filter=TestCQRRPT.CQRRPT_low_rank_with_hqrrp" "--gtest_also_run_disabled_tests"
Directory: /home/mymel/RandNLA/worktrees/retire-legacy-accelerate/build/test
"TestCQRRPT.CQRRPT_low_rank_with_hqrrp" start time: Aug 05 19:38 PDT
Output:
----------------------------------------------------------
Running main() from /home/mymel/spack-stage/spack-stage-googletest-1.17.0-cifglnehmwsjitvoddp3eldbaaui4w3i/spack-src/googletest/src/gtest_main.cc
Note: Google Test filter = TestCQRRPT.CQRRPT_low_rank_with_hqrrp
[==========] Running 1 test from 1 test suite.
[----------] Global test environment set-up.
[----------] 1 test from TestCQRRPT
[ RUN      ] TestCQRRPT.CQRRPT_low_rank_with_hqrrp
RANK AS RETURNED BY CQRRPT 100
REL NORM OF AP - QR:       1.770469e-15
MAX COL NORM METRIC:       2.693415e-14
FRO NORM OF (Q'Q - I)/sqrt(n): 2.103502e-16

[       OK ] TestCQRRPT.CQRRPT_low_rank_with_hqrrp (396 ms)
[----------] 1 test from TestCQRRPT (396 ms total)

[----------] Global test environment tear-down
[==========] 1 test from 1 test suite ran. (396 ms total)
[  PASSED  ] 1 test.
<end of output>
Test time =   0.48 sec
----------------------------------------------------------
Test Passed.
"TestCQRRPT.CQRRPT_low_rank_with_hqrrp" end time: Aug 05 19:38 PDT
"TestCQRRPT.CQRRPT_low_rank_with_hqrrp" time elapsed: 00:00:00
----------------------------------------------------------

[...]
Test time =   0.11 sec
----------------------------------------------------------
Test Passed.
"TestCompositeBlockViews.dense_dense_col_block_last" end time: Aug 05 19:43 PDT
"TestCompositeBlockViews.dense_dense_col_block_last" time elapsed: 00:00:00
----------------------------------------------------------

301/313 Testing: TestCompositeBlockViews.dense_dense_submatrix_middle
301/313 Test: TestCompositeBlockViews.dense_dense_submatrix_middle
Command: "/home/mymel/RandNLA/worktrees/retire-legacy-accelerate/build/bin/RandLAPACK_tests" "--gtest_filter=TestCompositeBlockViews.dense_dense_submatrix_middle" "--gtest_also_run_disabled_tests"
Directory: /home/mymel/RandNLA/worktrees/retire-legacy-accelerate/build/test
"TestCompositeBlockViews.dense_dense_submatrix_middle" start time: Aug 05 19:43 PDT
Output:
----------------------------------------------------------
Running main() from /home/mymel/spack-stage/spack-stage-googletest-1.17.0-cifglnehmwsjitvoddp3eldbaaui4w3i/spack-src/googletest/src/gtest_main.cc
Note: Google Test filter = TestCompositeBlockViews.dense_dense_submatrix_middle
[==========] Running 1 test from 1 test suite.
[----------] Global test environment set-up.
[----------] 1 test from TestCompositeBlockViews
[ RUN      ] TestCompositeBlockViews.dense_dense_submatrix_middle
[       OK ] TestCompositeBlockViews.dense_dense_submatrix_middle (35 ms)
[----------] 1 test from TestCompositeBlockViews (35 ms total)

[----------] Global test environment tear-down
[==========] 1 test from 1 test suite ran. (35 ms total)
[  PASSED  ] 1 test.
<end of output>
Test time =   0.11 sec
----------------------------------------------------------
Test Passed.
"TestCompositeBlockViews.dense_dense_submatrix_middle" end time: Aug 05 19:43 PDT
"TestCompositeBlockViews.dense_dense_submatrix_middle" time elapsed: 00:00:00
----------------------------------------------------------

302/313 Testing: TestCompositeBlockViews.dense_dense_submatrix_corner
302/313 Test: TestCompositeBlockViews.dense_dense_submatrix_corner
Command: "/home/mymel/RandNLA/worktrees/retire-legacy-accelerate/build/bin/RandLAPACK_tests" "--gtest_filter=TestCompositeBlockViews.dense_dense_submatrix_corner" "--gtest_also_run_disabled_tests"
Directory: /home/mymel/RandNLA/worktrees/retire-legacy-accelerate/build/test
"TestCompositeBlockViews.dense_dense_submatrix_corner" start time: Aug 05 19:43 PDT
Output:
----------------------------------------------------------
Running main() from /home/mymel/spack-stage/spack-stage-googletest-1.17.0-cifglnehmwsjitvoddp3eldbaaui4w3i/spack-src/googletest/src/gtest_main.cc
Note: Google Test filter = TestCompositeBlockViews.dense_dense_submatrix_corner
[==========] Running 1 test from 1 test suite.
[----------] Global test environment set-up.
[----------] 1 test from TestCompositeBlockViews
[ RUN      ] TestCompositeBlockViews.dense_dense_submatrix_corner
[       OK ] TestCompositeBlockViews.dense_dense_submatrix_corner (33 ms)
[----------] 1 test from TestCompositeBlockViews (33 ms total)

[----------] Global test environment tear-down
[==========] 1 test from 1 test suite ran. (33 ms total)
[  PASSED  ] 1 test.
<end of output>
Test time =   0.11 sec
----------------------------------------------------------
Test Passed.
"TestCompositeBlockViews.dense_dense_submatrix_corner" end time: Aug 05 19:43 PDT
"TestCompositeBlockViews.dense_dense_submatrix_corner" time elapsed: 00:00:00
----------------------------------------------------------

303/313 Testing: TestCompositeBlockViews.dense_dense_submatrix_end
303/313 Test: TestCompositeBlockViews.dense_dense_submatrix_end
Command: "/home/mymel/RandNLA/worktrees/retire-legacy-accelerate/build/bin/RandLAPACK_tests" "--gtest_filter=TestCompositeBlockViews.dense_dense_submatrix_end" "--gtest_also_run_disabled_tests"
Directory: /home/mymel/RandNLA/worktrees/retire-legacy-accelerate/build/test
"TestCompositeBlockViews.dense_dense_submatrix_end" start time: Aug 05 19:43 PDT
Output:
----------------------------------------------------------
Running main() from /home/mymel/spack-stage/spack-stage-googletest-1.17.0-cifglnehmwsjitvoddp3eldbaaui4w3i/spack-src/googletest/src/gtest_main.cc
Note: Google Test filter = TestCompositeBlockViews.dense_dense_submatrix_end
[==========] Running 1 test from 1 test suite.
[----------] Global test environment set-up.
[----------] 1 test from TestCompositeBlockViews
[ RUN      ] TestCompositeBlockViews.dense_dense_submatrix_end
[       OK ] TestCompositeBlockViews.dense_dense_submatrix_end (33 ms)
[----------] 1 test from TestCompositeBlockViews (33 ms total)

[----------] Global test environment tear-down
[==========] 1 test from 1 test suite ran. (33 ms total)
[  PASSED  ] 1 test.
<end of output>
Test time =   0.11 sec
----------------------------------------------------------
Test Passed.
"TestCompositeBlockViews.dense_dense_submatrix_end" end time: Aug 05 19:43 PDT
"TestCompositeBlockViews.dense_dense_submatrix_end" time elapsed: 00:00:00
----------------------------------------------------------

304/313 Testing: TestCompositeBlockViews.sparse_dense_row_block_middle
304/313 Test: TestCompositeBlockViews.sparse_dense_row_block_middle
Command: "/home/mymel/RandNLA/worktrees/retire-legacy-accelerate/build/bin/RandLAPACK_tests" "--gtest_filter=TestCompositeBlockViews.sparse_dense_row_block_middle" "--gtest_also_run_disabled_tests"
Directory: /home/mymel/RandNLA/worktrees/retire-legacy-accelerate/build/test
"TestCompositeBlockViews.sparse_dense_row_block_middle" start time: Aug 05 19:43 PDT
Output:
----------------------------------------------------------
Running main() from /home/mymel/spack-stage/spack-stage-googletest-1.17.0-cifglnehmwsjitvoddp3eldbaaui4w3i/spack-src/googletest/src/gtest_main.cc
Note: Google Test filter = TestCompositeBlockViews.sparse_dense_row_block_middle
[==========] Running 1 test from 1 test suite.
[----------] Global test environment set-up.
[----------] 1 test from TestCompositeBlockViews
[ RUN      ] TestCompositeBlockViews.sparse_dense_row_block_middle
[       OK ] TestCompositeBlockViews.sparse_dense_row_block_middle (43 ms)
[----------] 1 test from TestCompositeBlockViews (43 ms total)

[----------] Global test environment tear-down
[==========] 1 test from 1 test suite ran. (43 ms total)
[  PASSED  ] 1 test.
<end of output>
Test time =   0.13 sec
----------------------------------------------------------
Test Passed.
"TestCompositeBlockViews.sparse_dense_row_block_middle" end time: Aug 05 19:43 PDT
"TestCompositeBlockViews.sparse_dense_row_block_middle" time elapsed: 00:00:00
----------------------------------------------------------

305/313 Testing: TestCompositeBlockViews.sparse_dense_row_block_first
305/313 Test: TestCompositeBlockViews.sparse_dense_row_block_first
Command: "/home/mymel/RandNLA/worktrees/retire-legacy-accelerate/build/bin/RandLAPACK_tests" "--gtest_filter=TestCompositeBlockViews.sparse_dense_row_block_first" "--gtest_also_run_disabled_tests"
Directory: /home/mymel/RandNLA/worktrees/retire-legacy-accelerate/build/test
"TestCompositeBlockViews.sparse_dense_row_block_first" start time: Aug 05 19:43 PDT
Output:
----------------------------------------------------------
Running main() from /home/mymel/spack-stage/spack-stage-googletest-1.17.0-cifglnehmwsjitvoddp3eldbaaui4w3i/spack-src/googletest/src/gtest_main.cc
Note: Google Test filter = TestCompositeBlockViews.sparse_dense_row_block_first
[==========] Running 1 test from 1 test suite.
[----------] Global test environment set-up.
[----------] 1 test from TestCompositeBlockViews
[ RUN      ] TestCompositeBlockViews.sparse_dense_row_block_first
[       OK ] TestCompositeBlockViews.sparse_dense_row_block_first (49 ms)
[----------] 1 test from TestCompositeBlockViews (49 ms total)

[----------] Global test environment tear-down
[==========] 1 test from 1 test suite ran. (49 ms total)
[  PASSED  ] 1 test.
<end of output>
Test time =   0.14 sec
----------------------------------------------------------
Test Passed.
"TestCompositeBlockViews.sparse_dense_row_block_first" end time: Aug 05 19:43 PDT
"TestCompositeBlockViews.sparse_dense_row_block_first" time elapsed: 00:00:00
----------------------------------------------------------

306/313 Testing: TestCompositeBlockViews.sparse_dense_row_block_last
306/313 Test: TestCompositeBlockViews.sparse_dense_row_block_last
Command: "/home/mymel/RandNLA/worktrees/retire-legacy-accelerate/build/bin/RandLAPACK_tests" "--gtest_filter=TestCompositeBlockViews.sparse_dense_row_block_last" "--gtest_also_run_disabled_tests"
Directory: /home/mymel/RandNLA/worktrees/retire-legacy-accelerate/build/test
"TestCompositeBlockViews.sparse_dense_row_block_last" start time: Aug 05 19:43 PDT
Output:
----------------------------------------------------------
Running main() from /home/mymel/spack-stage/spack-stage-googletest-1.17.0-cifglnehmwsjitvoddp3eldbaaui4w3i/spack-src/googletest/src/gtest_main.cc
Note: Google Test filter = TestCompositeBlockViews.sparse_dense_row_block_last
[==========] Running 1 test from 1 test suite.
[----------] Global test environment set-up.
[----------] 1 test from TestCompositeBlockViews
[ RUN      ] TestCompositeBlockViews.sparse_dense_row_block_last
[       OK ] TestCompositeBlockViews.sparse_dense_row_block_last (52 ms)
[----------] 1 test from TestCompositeBlockViews (52 ms total)

[----------] Global test environment tear-down
[==========] 1 test from 1 test suite ran. (52 ms total)
[  PASSED  ] 1 test.
<end of output>
Test time =   0.15 sec
----------------------------------------------------------
Test Passed.
"TestCompositeBlockViews.sparse_dense_row_block_last" end time: Aug 05 19:43 PDT
"TestCompositeBlockViews.sparse_dense_row_block_last" time elapsed: 00:00:00
----------------------------------------------------------

307/313 Testing: TestCompositeBlockViews.dense_sparse_col_block_middle
307/313 Test: TestCompositeBlockViews.dense_sparse_col_block_middle
Command: "/home/mymel/RandNLA/worktrees/retire-legacy-accelerate/build/bin/RandLAPACK_tests" "--gtest_filter=TestCompositeBlockViews.dense_sparse_col_block_middle" "--gtest_also_run_disabled_tests"
Directory: /home/mymel/RandNLA/worktrees/retire-legacy-accelerate/build/test
"TestCompositeBlockViews.dense_sparse_col_block_middle" start time: Aug 05 19:43 PDT
Output:
----------------------------------------------------------
Running main() from /home/mymel/spack-stage/spack-stage-googletest-1.17.0-cifglnehmwsjitvoddp3eldbaaui4w3i/spack-src/googletest/src/gtest_main.cc
Note: Google Test filter = TestCompositeBlockViews.dense_sparse_col_block_middle
[==========] Running 1 test from 1 test suite.
[----------] Global test environment set-up.
[----------] 1 test from TestCompositeBlockViews
[ RUN      ] TestCompositeBlockViews.dense_sparse_col_block_middle
[       OK ] TestCompositeBlockViews.dense_sparse_col_block_middle (51 ms)
[----------] 1 test from TestCompositeBlockViews (51 ms total)

[----------] Global test environment tear-down
[==========] 1 test from 1 test suite ran. (51 ms total)
[  PASSED  ] 1 test.
<end of output>
Test time =   0.13 sec
----------------------------------------------------------
Test Passed.
"TestCompositeBlockViews.dense_sparse_col_block_middle" end time: Aug 05 19:43 PDT
"TestCompositeBlockViews.dense_sparse_col_block_middle" time elapsed: 00:00:00
----------------------------------------------------------

308/313 Testing: TestCompositeBlockViews.dense_sparse_col_block_first
308/313 Test: TestCompositeBlockViews.dense_sparse_col_block_first
Command: "/home/mymel/RandNLA/worktrees/retire-legacy-accelerate/build/bin/RandLAPACK_tests" "--gtest_filter=TestCompositeBlockViews.dense_sparse_col_block_first" "--gtest_also_run_disabled_tests"
Directory: /home/mymel/RandNLA/worktrees/retire-legacy-accelerate/build/test
"TestCompositeBlockViews.dense_sparse_col_block_first" start time: Aug 05 19:43 PDT
Output:
----------------------------------------------------------
Running main() from /home/mymel/spack-stage/spack-stage-googletest-1.17.0-cifglnehmwsjitvoddp3eldbaaui4w3i/spack-src/googletest/src/gtest_main.cc
Note: Google Test filter = TestCompositeBlockViews.dense_sparse_col_block_first
[==========] Running 1 test from 1 test suite.
[----------] Global test environment set-up.
[----------] 1 test from TestCompositeBlockViews
[ RUN      ] TestCompositeBlockViews.dense_sparse_col_block_first
[       OK ] TestCompositeBlockViews.dense_sparse_col_block_first (50 ms)
[----------] 1 test from TestCompositeBlockViews (50 ms total)

[----------] Global test environment tear-down
[==========] 1 test from 1 test suite ran. (50 ms total)
[  PASSED  ] 1 test.
<end of output>
Test time =   0.14 sec
----------------------------------------------------------
Test Passed.
"TestCompositeBlockViews.dense_sparse_col_block_first" end time: Aug 05 19:43 PDT
"TestCompositeBlockViews.dense_sparse_col_block_first" time elapsed: 00:00:00
----------------------------------------------------------

309/313 Testing: TestCompositeBlockViews.dense_sparse_col_block_last
309/313 Test: TestCompositeBlockViews.dense_sparse_col_block_last
Command: "/home/mymel/RandNLA/worktrees/retire-legacy-accelerate/build/bin/RandLAPACK_tests" "--gtest_filter=TestCompositeBlockViews.dense_sparse_col_block_last" "--gtest_also_run_disabled_tests"
Directory: /home/mymel/RandNLA/worktrees/retire-legacy-accelerate/build/test
"TestCompositeBlockViews.dense_sparse_col_block_last" start time: Aug 05 19:43 PDT
Output:
----------------------------------------------------------
Running main() from /home/mymel/spack-stage/spack-stage-googletest-1.17.0-cifglnehmwsjitvoddp3eldbaaui4w3i/spack-src/googletest/src/gtest_main.cc
Note: Google Test filter = TestCompositeBlockViews.dense_sparse_col_block_last
[==========] Running 1 test from 1 test suite.
[----------] Global test environment set-up.
[----------] 1 test from TestCompositeBlockViews
[ RUN      ] TestCompositeBlockViews.dense_sparse_col_block_last
[       OK ] TestCompositeBlockViews.dense_sparse_col_block_last (44 ms)
[----------] 1 test from TestCompositeBlockViews (45 ms total)

[----------] Global test environment tear-down
[==========] 1 test from 1 test suite ran. (45 ms total)
[  PASSED  ] 1 test.
<end of output>
Test time =   0.13 sec
----------------------------------------------------------
Test Passed.
"TestCompositeBlockViews.dense_sparse_col_block_last" end time: Aug 05 19:43 PDT
"TestCompositeBlockViews.dense_sparse_col_block_last" time elapsed: 00:00:00
----------------------------------------------------------

310/313 Testing: TestCompositeBlockViews.dense_sparse_submatrix_middle
310/313 Test: TestCompositeBlockViews.dense_sparse_submatrix_middle
Command: "/home/mymel/RandNLA/worktrees/retire-legacy-accelerate/build/bin/RandLAPACK_tests" "--gtest_filter=TestCompositeBlockViews.dense_sparse_submatrix_middle" "--gtest_also_run_disabled_tests"
Directory: /home/mymel/RandNLA/worktrees/retire-legacy-accelerate/build/test
"TestCompositeBlockViews.dense_sparse_submatrix_middle" start time: Aug 05 19:43 PDT
Output:
----------------------------------------------------------
Running main() from /home/mymel/spack-stage/spack-stage-googletest-1.17.0-cifglnehmwsjitvoddp3eldbaaui4w3i/spack-src/googletest/src/gtest_main.cc
Note: Google Test filter = TestCompositeBlockViews.dense_sparse_submatrix_middle
[==========] Running 1 test from 1 test suite.
[----------] Global test environment set-up.
[----------] 1 test from TestCompositeBlockViews
[ RUN      ] TestCompositeBlockViews.dense_sparse_submatrix_middle
[       OK ] TestCompositeBlockViews.dense_sparse_submatrix_middle (41 ms)
[----------] 1 test from TestCompositeBlockViews (41 ms total)

[----------] Global test environment tear-down
[==========] 1 test from 1 test suite ran. (41 ms total)
[  PASSED  ] 1 test.
<end of output>
Test time =   0.12 sec
----------------------------------------------------------
Test Passed.
"TestCompositeBlockViews.dense_sparse_submatrix_middle" end time: Aug 05 19:43 PDT
"TestCompositeBlockViews.dense_sparse_submatrix_middle" time elapsed: 00:00:00
----------------------------------------------------------

311/313 Testing: TestCompositeBlockViews.dense_sparse_submatrix_corner
311/313 Test: TestCompositeBlockViews.dense_sparse_submatrix_corner
Command: "/home/mymel/RandNLA/worktrees/retire-legacy-accelerate/build/bin/RandLAPACK_tests" "--gtest_filter=TestCompositeBlockViews.dense_sparse_submatrix_corner" "--gtest_also_run_disabled_tests"
Directory: /home/mymel/RandNLA/worktrees/retire-legacy-accelerate/build/test
"TestCompositeBlockViews.dense_sparse_submatrix_corner" start time: Aug 05 19:43 PDT
Output:
----------------------------------------------------------
Running main() from /home/mymel/spack-stage/spack-stage-googletest-1.17.0-cifglnehmwsjitvoddp3eldbaaui4w3i/spack-src/googletest/src/gtest_main.cc
Note: Google Test filter = TestCompositeBlockViews.dense_sparse_submatrix_corner
[==========] Running 1 test from 1 test suite.
[----------] Global test environment set-up.
[----------] 1 test from TestCompositeBlockViews
[ RUN      ] TestCompositeBlockViews.dense_sparse_submatrix_corner
[       OK ] TestCompositeBlockViews.dense_sparse_submatrix_corner (41 ms)
[----------] 1 test from TestCompositeBlockViews (41 ms total)

[----------] Global test environment tear-down
[==========] 1 test from 1 test suite ran. (41 ms total)
[  PASSED  ] 1 test.
<end of output>
Test time =   0.12 sec
----------------------------------------------------------
Test Passed.
"TestCompositeBlockViews.dense_sparse_submatrix_corner" end time: Aug 05 19:43 PDT
"TestCompositeBlockViews.dense_sparse_submatrix_corner" time elapsed: 00:00:00
----------------------------------------------------------

312/313 Testing: TestCompositeBlockViews.dense_sparse_submatrix_end
312/313 Test: TestCompositeBlockViews.dense_sparse_submatrix_end
Command: "/home/mymel/RandNLA/worktrees/retire-legacy-accelerate/build/bin/RandLAPACK_tests" "--gtest_filter=TestCompositeBlockViews.dense_sparse_submatrix_end" "--gtest_also_run_disabled_tests"
Directory: /home/mymel/RandNLA/worktrees/retire-legacy-accelerate/build/test
"TestCompositeBlockViews.dense_sparse_submatrix_end" start time: Aug 05 19:43 PDT
Output:
----------------------------------------------------------
Running main() from /home/mymel/spack-stage/spack-stage-googletest-1.17.0-cifglnehmwsjitvoddp3eldbaaui4w3i/spack-src/googletest/src/gtest_main.cc
Note: Google Test filter = TestCompositeBlockViews.dense_sparse_submatrix_end
[==========] Running 1 test from 1 test suite.
[----------] Global test environment set-up.
[----------] 1 test from TestCompositeBlockViews
[ RUN      ] TestCompositeBlockViews.dense_sparse_submatrix_end
[       OK ] TestCompositeBlockViews.dense_sparse_submatrix_end (41 ms)
[----------] 1 test from TestCompositeBlockViews (41 ms total)

[----------] Global test environment tear-down
[==========] 1 test from 1 test suite ran. (41 ms total)
[  PASSED  ] 1 test.
<end of output>
Test time =   0.12 sec
----------------------------------------------------------
Test Passed.
"TestCompositeBlockViews.dense_sparse_submatrix_end" end time: Aug 05 19:43 PDT
"TestCompositeBlockViews.dense_sparse_submatrix_end" time elapsed: 00:00:00
----------------------------------------------------------

313/313 Testing: test_pcgls
313/313 Test: test_pcgls
Command: "/home/mymel/RandNLA/worktrees/retire-legacy-accelerate/build/bin/test_pcgls" "15" "100"
Directory: /home/mymel/RandNLA/worktrees/retire-legacy-accelerate/build/test
"test_pcgls" start time: Aug 05 19:43 PDT
Output:
----------------------------------------------------------
28416.9
10.3054
1.06916e-22
<end of output>
Test time =   0.07 sec
----------------------------------------------------------
Test Passed.
"test_pcgls" end time: Aug 05 19:43 PDT
"test_pcgls" time elapsed: 00:00:00
----------------------------------------------------------

End testing: Aug 05 19:43 PDT
